<?xml version="1.0" encoding="UTF-8"?>
<testng-results skipped="0" failed="0" ignored="12" total="16" passed="4">
  <reporter-output>
  </reporter-output>
  <suite name="Suite" duration-ms="99" started-at="2019-02-28T08:12:24Z" finished-at="2019-02-28T08:12:24Z">
    <groups>
      <group name="Smoke">
        <method signature="TC01_PersonalLoan.WebloginPersonalloan()[pri:0, instance:TestNGPackage.TC01_PersonalLoan@62ee68d8]" name="WebloginPersonalloan" class="TestNGPackage.TC01_PersonalLoan"/>
        <method signature="TC02_JewelLoan.MobileloginJewelloan()[pri:0, instance:TestNGPackage.TC02_JewelLoan@735b5592]" name="MobileloginJewelloan" class="TestNGPackage.TC02_JewelLoan"/>
        <method signature="TC03_CarLoan.MobileSigninCarloan()[pri:0, instance:TestNGPackage.TC03_CarLoan@58651fd0]" name="MobileSigninCarloan" class="TestNGPackage.TC03_CarLoan"/>
        <method signature="TC04_HomeLoan.APIloginHomeloan()[pri:0, instance:TestNGPackage.TC04_HomeLoan@4520ebad]" name="APIloginHomeloan" class="TestNGPackage.TC04_HomeLoan"/>
      </group> <!-- Smoke -->
    </groups>
    <test name="Test" duration-ms="99" started-at="2019-02-28T08:12:24Z" finished-at="2019-02-28T08:12:24Z">
      <class name="TestNGPackage.TC03_CarLoan">
        <test-method status="PASS" signature="MobileSigninCarloan()[pri:0, instance:TestNGPackage.TC03_CarLoan@58651fd0]" name="MobileSigninCarloan" duration-ms="2" started-at="2019-02-28T08:12:24Z" finished-at="2019-02-28T08:12:24Z">
          <reporter-output>
          </reporter-output>
        </test-method> <!-- MobileSigninCarloan -->
      </class> <!-- TestNGPackage.TC03_CarLoan -->
      <class name="TestNGPackage.TC04_HomeLoan">
        <test-method status="PASS" signature="APIloginHomeloan()[pri:0, instance:TestNGPackage.TC04_HomeLoan@4520ebad]" name="APIloginHomeloan" duration-ms="2" started-at="2019-02-28T08:12:24Z" finished-at="2019-02-28T08:12:24Z">
          <reporter-output>
          </reporter-output>
        </test-method> <!-- APIloginHomeloan -->
      </class> <!-- TestNGPackage.TC04_HomeLoan -->
      <class name="TestNGPackage.TC01_PersonalLoan">
        <test-method status="PASS" signature="WebloginPersonalloan()[pri:0, instance:TestNGPackage.TC01_PersonalLoan@62ee68d8]" name="WebloginPersonalloan" duration-ms="26" started-at="2019-02-28T08:12:24Z" finished-at="2019-02-28T08:12:24Z">
          <reporter-output>
          </reporter-output>
        </test-method> <!-- WebloginPersonalloan -->
      </class> <!-- TestNGPackage.TC01_PersonalLoan -->
      <class name="TestNGPackage.TC02_JewelLoan">
        <test-method status="PASS" signature="MobileloginJewelloan()[pri:0, instance:TestNGPackage.TC02_JewelLoan@735b5592]" name="MobileloginJewelloan" duration-ms="3" started-at="2019-02-28T08:12:24Z" finished-at="2019-02-28T08:12:24Z">
          <reporter-output>
          </reporter-output>
        </test-method> <!-- MobileloginJewelloan -->
      </class> <!-- TestNGPackage.TC02_JewelLoan -->
    </test> <!-- Test -->
  </suite> <!-- Suite -->
</testng-results>
