<?xml version="1.0" encoding="UTF-8"?>
<!-- Generated by org.testng.reporters.JUnitXMLReporter -->
<testsuite ignored="0" hostname="DESKTOP-5FCAB7O" failures="0" tests="6" name="Default test" time="0.147" errors="0" timestamp="24 Aug. 2019 01:47:43 GMT">
  <testcase classname="testng.Personalloan" name="APIloginPersonalloan" time="0.017"/>
  <testcase classname="testng.Personalloan" name="APIloginPersonalloan" time="0.004"/>
  <testcase classname="testng.Personalloan" name="APIloginPersonalloan" time="0.003"/>
  <testcase classname="testng.Personalloan" name="APIloginpersonalloan" time="0.004"/>
  <testcase classname="testng.Personalloan" name="Mobileloginpersonalloan" time="0.011"/>
  <testcase classname="testng.Personalloan" name="Webloginpersonalloan" time="0.001"/>
</testsuite> <!-- Default test -->
