<?xml version="1.0" encoding="UTF-8"?>
<!-- Generated by org.testng.reporters.JUnitXMLReporter -->
<testsuite ignored="0" hostname="DESKTOP-5O266M1" failures="0" tests="4" name="Default test" time="0.056" errors="0" timestamp="27 Feb. 2019 22:16:11 GMT">
  <testcase classname="TestNGPackage.TC06_DatProvider" name="APIloginPersonalloan" time="0.009"/>
  <testcase classname="TestNGPackage.TC06_DatProvider" name="APIloginPersonalloan" time="0.002"/>
  <testcase classname="TestNGPackage.TC06_DatProvider" name="APIloginPersonalloan" time="0.002"/>
  <testcase classname="TestNGPackage.TC06_DatProvider" name="MobileloginPersonalloan" time="0.003"/>
</testsuite> <!-- Default test -->
