<?xml version="1.0" encoding="UTF-8"?>
<!-- Generated by org.testng.reporters.JUnitXMLReporter -->
<testsuite ignored="3" hostname="DESKTOP-5FCAB7O" failures="0" tests="3" name="Loan Module2" time="0.042" errors="0" timestamp="23 Aug. 2019 22:23:09 GMT">
  <testcase classname="testng.Jewelloan" name="APIloginjewelloan" time="0.005"/>
  <testcase classname="testng.Carloan" name="APIlogincarloan" time="0.016"/>
  <testcase classname="testng.Carloan" name="Weblogincarloan" time="0.004"/>
  <testcase classname="testng.Carloan" name="Mobilelogincarloan" time="0.0">
    <ignored/>
  </testcase> <!-- Mobilelogincarloan -->
  <testcase classname="testng.Jewelloan" name="Webloginjewelloan" time="0.0">
    <ignored/>
  </testcase> <!-- Webloginjewelloan -->
  <testcase classname="testng.Jewelloan" name="Mobileloginjewelloan" time="0.0">
    <ignored/>
  </testcase> <!-- Mobileloginjewelloan -->
</testsuite> <!-- Loan Module2 -->
