<?xml version="1.0" encoding="UTF-8"?>
<!-- Generated by org.testng.reporters.JUnitXMLReporter -->
<testsuite ignored="0" hostname="DESKTOP-5FCAB7O" failures="0" tests="9" name="Loan Module1" time="0.12" errors="0" timestamp="24 Aug. 2019 05:51:18 GMT">
  <testcase classname="testng.Personalloan" name="APIloginPersonalloan" time="0.008"/>
  <testcase classname="testng.Personalloan" name="APIloginPersonalloan" time="0.003"/>
  <testcase classname="testng.Personalloan" name="APIloginPersonalloan" time="0.004"/>
  <testcase classname="testng.Personalloan" name="APIloginpersonalloan" time="0.002"/>
  <testcase classname="testng.Personalloan" name="Mobileloginpersonalloan" time="0.004"/>
  <testcase classname="testng.Personalloan" name="Webloginpersonalloan" time="0.002"/>
  <testcase classname="testng.homeloan" name="Webloginhomeloan" time="0.003"/>
  <testcase classname="testng.homeloan" name="Mobileloginhomeloan" time="0.002"/>
  <testcase classname="testng.homeloan" name="APIloginhomeloan" time="0.002"/>
</testsuite> <!-- Loan Module1 -->
