<?xml version="1.0" encoding="UTF-8"?>
<!-- Generated by org.testng.reporters.JUnitXMLReporter -->
<testsuite ignored="4" hostname="DESKTOP-5FCAB7O" failures="0" tests="2" name="Loan Module2" time="0.016" errors="0" timestamp="24 Aug. 2019 05:51:18 GMT">
  <testcase classname="testng.Jewelloan" name="APIloginjewelloan" time="0.002"/>
  <testcase classname="testng.Carloan" name="APIlogincarloan" time="0.007"/>
  <testcase classname="testng.Carloan" name="Mobilelogincarloan" time="0.0">
    <ignored/>
  </testcase> <!-- Mobilelogincarloan -->
  <testcase classname="testng.Jewelloan" name="Webloginjewelloan" time="0.0">
    <ignored/>
  </testcase> <!-- Webloginjewelloan -->
  <testcase classname="testng.Jewelloan" name="Mobileloginjewelloan" time="0.0">
    <ignored/>
  </testcase> <!-- Mobileloginjewelloan -->
  <testcase classname="testng.Carloan" name="Weblogincarloan" time="0.0">
    <ignored/>
  </testcase> <!-- Weblogincarloan -->
</testsuite> <!-- Loan Module2 -->
