<?xml version="1.0" encoding="UTF-8"?>
<!-- Generated by org.testng.reporters.JUnitXMLReporter -->
<testsuite ignored="1" hostname="DESKTOP-5FCAB7O" failures="0" tests="14" name="Loan Module2" time="0.175" errors="0" timestamp="24 Aug. 2019 01:42:07 GMT">
  <testcase classname="testng.Carloan" name="APIlogincarloan" time="0.01"/>
  <testcase classname="testng.Carloan" name="Mobilelogincarloan" time="0.003"/>
  <testcase classname="testng.homeloan" name="Webloginhomeloan" time="0.002"/>
  <testcase classname="testng.homeloan" name="Mobileloginhomeloan" time="0.008"/>
  <testcase classname="testng.homeloan" name="APIloginhomeloan" time="0.002"/>
  <testcase classname="testng.Jewelloan" name="APIloginjewelloan" time="0.003"/>
  <testcase classname="testng.Jewelloan" name="Mobileloginjewelloan" time="0.003"/>
  <testcase classname="testng.Jewelloan" name="Webloginjewelloan" time="0.002"/>
  <testcase classname="testng.Personalloan" name="APIloginPersonalloan" time="0.003"/>
  <testcase classname="testng.Personalloan" name="APIloginPersonalloan" time="0.005"/>
  <testcase classname="testng.Personalloan" name="APIloginPersonalloan" time="0.004"/>
  <testcase classname="testng.Personalloan" name="APIloginpersonalloan" time="0.004"/>
  <testcase classname="testng.Personalloan" name="Mobileloginpersonalloan" time="0.001"/>
  <testcase classname="testng.Personalloan" name="Webloginpersonalloan" time="0.003"/>
  <testcase classname="testng.Carloan" name="Weblogincarloan" time="0.0">
    <ignored/>
  </testcase> <!-- Weblogincarloan -->
</testsuite> <!-- Loan Module2 -->
