<?xml version="1.0" encoding="UTF-8"?>
<!-- Generated by org.testng.reporters.JUnitXMLReporter -->
<testsuite ignored="0" hostname="DESKTOP-5FCAB7O" failures="0" tests="6" name="Loan Module1" time="0.106" errors="0" timestamp="23 Aug. 2019 07:57:45 GMT">
  <testcase classname="testng.Personalloan" name="APIloginpersonalloan" time="0.016"/>
  <testcase classname="testng.Personalloan" name="Mobileloginpersonalloan" time="0.002"/>
  <testcase classname="testng.Personalloan" name="Webloginpersonalloan" time="0.005"/>
  <testcase classname="testng.homeloan" name="APIloginhomeloan" time="0.003"/>
  <testcase classname="testng.homeloan" name="Mobileloginhomeloan" time="0.003"/>
  <testcase classname="testng.homeloan" name="Webloginhomeloan" time="0.012"/>
</testsuite> <!-- Loan Module1 -->
