<?xml version="1.0" encoding="UTF-8"?>
<!-- Generated by org.testng.reporters.JUnitXMLReporter -->
<testsuite ignored="1" hostname="DESKTOP-5O266M1" failures="0" tests="8" name="HomeLoan" time="0.051" errors="0" timestamp="27 Feb. 2019 22:19:33 GMT">
  <testcase classname="TestNGPackage.TC04_HomeLoan" name="APIloginHomeloan" time="0.002"/>
  <testcase classname="TestNGPackage.TC04_HomeLoan" name="MobileloginHomeloan" time="0.002"/>
  <testcase classname="TestNGPackage.TC04_HomeLoan" name="WebloginCarloan" time="0.001"/>
  <testcase classname="TestNGPackage.TC03_CarLoan" name="Aftertest" time="0.002"/>
  <testcase classname="TestNGPackage.TC03_CarLoan" name="MobileSigninCarloan" time="0.001"/>
  <testcase classname="TestNGPackage.TC03_CarLoan" name="MobileSignoutCarloan" time="0.015"/>
  <testcase classname="TestNGPackage.TC03_CarLoan" name="MobileloginCarloan" time="0.001"/>
  <testcase classname="TestNGPackage.TC03_CarLoan" name="WebloginCarloan" time="0.002"/>
  <testcase classname="TestNGPackage.TC03_CarLoan" name="APIloginCarloan" time="0.0">
    <ignored/>
  </testcase> <!-- APIloginCarloan -->
</testsuite> <!-- HomeLoan -->
