<?xml version="1.0" encoding="UTF-8"?>
<!-- Generated by org.testng.reporters.JUnitXMLReporter -->
<testsuite ignored="2" hostname="DESKTOP-5O266M1" failures="0" tests="1" name="JewelLoan" time="0.007" errors="0" timestamp="27 Feb. 2019 22:19:33 GMT">
  <testcase classname="TestNGPackage.TC02_JewelLoan" name="APIloginJewelloan" time="0.003"/>
  <testcase classname="TestNGPackage.TC02_JewelLoan" name="MobileloginJewelloan" time="0.0">
    <ignored/>
  </testcase> <!-- MobileloginJewelloan -->
  <testcase classname="TestNGPackage.TC02_JewelLoan" name="WebloginJewelloan" time="0.0">
    <ignored/>
  </testcase> <!-- WebloginJewelloan -->
</testsuite> <!-- JewelLoan -->
