<?xml version="1.0" encoding="UTF-8"?>
<!-- Generated by org.testng.reporters.JUnitXMLReporter -->
<testsuite ignored="1" hostname="DESKTOP-5O266M1" failures="1" tests="3" name="PersonalLoan" time="0.058" errors="0" timestamp="27 Feb. 2019 22:19:33 GMT">
  <testcase classname="TestNGPackage.TC01_PersonalLoan" name="MobileloginPersonalloan" time="0.011"/>
  <testcase classname="TestNGPackage.TC01_PersonalLoan" name="WebloginPersonalloan" time="0.002">
    <failure type="java.lang.Error" message="Unresolved compilation problem: 
	The method printlvn(String) is undefined for the type PrintStream
">
      <![CDATA[java.lang.Error: Unresolved compilation problem: 
The method printlvn(String) is undefined for the type PrintStream

at TestNGPackage.TC01_PersonalLoan.WebloginPersonalloan(TC01_PersonalLoan.java:10)
... Removed 25 stack frames]]>
    </failure>
  </testcase> <!-- WebloginPersonalloan -->
  <testcase classname="TestNGPackage.TC01_PersonalLoan" name="APIloginPersonalloan" time="0.0">
    <skipped/>
  </testcase> <!-- APIloginPersonalloan -->
  <testcase classname="TestNGPackage.TC01_PersonalLoan" name="MobileloginPersonalloan1" time="0.0">
    <ignored/>
  </testcase> <!-- MobileloginPersonalloan1 -->
</testsuite> <!-- PersonalLoan -->
