<?xml version="1.0" encoding="UTF-8"?>
<!-- Generated by org.testng.reporters.JUnitXMLReporter -->
<testsuite ignored="0" hostname="DESKTOP-5FCAB7O" failures="0" tests="4" name="Test" time="0.13" errors="0" timestamp="21 Aug. 2019 09:17:31 GMT">
  <testcase classname="testng.Demo1" name="Test1" time="0.028"/>
  <testcase classname="testng.Demo1" name="Test2" time="0.004"/>
  <testcase classname="testng.Demo2" name="Test1" time="0.004"/>
  <testcase classname="testng.Demo2" name="Test2" time="0.008"/>
</testsuite> <!-- Test -->
