<?xml version="1.0" encoding="UTF-8"?>
<testng-results skipped="0" failed="0" ignored="0" total="1" passed="1">
  <reporter-output>
  </reporter-output>
  <suite name="Default suite" duration-ms="5028" started-at="2019-08-28T05:30:30 EDT" finished-at="2019-08-28T05:30:35 EDT">
    <groups>
    </groups>
    <test name="Default test" duration-ms="5028" started-at="2019-08-28T05:30:30 EDT" finished-at="2019-08-28T05:30:35 EDT">
      <class name="academy.HomePage">
        <test-method status="PASS" signature="basePagenavigation()[pri:0, instance:academy.HomePage@191a895]" name="basePagenavigation" duration-ms="4970" started-at="2019-08-28T05:30:30 EDT" finished-at="2019-08-28T05:30:35 EDT">
          <reporter-output>
          </reporter-output>
        </test-method> <!-- basePagenavigation -->
      </class> <!-- academy.HomePage -->
    </test> <!-- Default test -->
  </suite> <!-- Default suite -->
</testng-results>
