<?xml version="1.0" encoding="UTF-8"?>
<!-- Generated by org.testng.reporters.JUnitXMLReporter -->
<testsuite hostname="DESKTOP-5FCAB7O" ignored="0" name="Test" tests="3" failures="0" timestamp="2019-08-30T02:59:22 EDT" time="27.147" errors="0">
  <testcase name="@AfterTest teardown" time="0.001" classname="academy.validateNavigationBar">
    <failure type="java.lang.NullPointerException">
      <![CDATA[java.lang.NullPointerException
at academy.validateNavigationBar.teardown(validateNavigationBar.java:40)
... Removed 24 stack frames]]>
    </failure>
  </testcase> <!-- @AfterTest teardown -->
  <testcase name="validateAppNavBar" time="0.19" classname="academy.validateNavigationBar"/>
  <testcase name="basePageNavigation" time="8.1" classname="academy.HomePage"/>
  <testcase name="basePageNavigation" time="4.576" classname="academy.HomePage"/>
</testsuite> <!-- Test -->
