<?xml version="1.0" encoding="UTF-8"?>
<testng-results skipped="0" failed="0" ignored="0" total="6" passed="6">
  <reporter-output>
  </reporter-output>
  <suite name="Suite" duration-ms="161" started-at="2019-08-27T18:38:04 EDT" finished-at="2019-08-27T18:38:04 EDT">
    <groups>
    </groups>
    <test name="Test" duration-ms="161" started-at="2019-08-27T18:38:04 EDT" finished-at="2019-08-27T18:38:04 EDT">
      <class name="Seleniumtraining.SeleniumTest">
        <test-method status="PASS" signature="BroswerAutomation()[pri:0, instance:Seleniumtraining.SeleniumTest@14523f8]" name="BroswerAutomation" duration-ms="2" started-at="2019-08-27T18:38:04 EDT" finished-at="2019-08-27T18:38:04 EDT">
          <reporter-output>
          </reporter-output>
        </test-method> <!-- BroswerAutomation -->
        <test-method status="PASS" signature="elementUI()[pri:0, instance:Seleniumtraining.SeleniumTest@14523f8]" name="elementUI" duration-ms="2" started-at="2019-08-27T18:38:04 EDT" finished-at="2019-08-27T18:38:04 EDT">
          <reporter-output>
          </reporter-output>
        </test-method> <!-- elementUI -->
      </class> <!-- Seleniumtraining.SeleniumTest -->
      <class name="Seleniumtraining.RESTApiTest">
        <test-method status="PASS" signature="deleteTwitter()[pri:0, instance:Seleniumtraining.RESTApiTest@10143d3]" name="deleteTwitter" duration-ms="29" started-at="2019-08-27T18:38:04 EDT" finished-at="2019-08-27T18:38:04 EDT">
          <reporter-output>
          </reporter-output>
        </test-method> <!-- deleteTwitter -->
        <test-method status="PASS" signature="posJira()[pri:0, instance:Seleniumtraining.RESTApiTest@10143d3]" name="posJira" duration-ms="2" started-at="2019-08-27T18:38:04 EDT" finished-at="2019-08-27T18:38:04 EDT">
          <reporter-output>
          </reporter-output>
        </test-method> <!-- posJira -->
      </class> <!-- Seleniumtraining.RESTApiTest -->
      <class name="Seleniumtraining.AppiumTest">
        <test-method status="PASS" signature="IOSApps()[pri:0, instance:Seleniumtraining.AppiumTest@8e6209]" name="IOSApps" duration-ms="2" started-at="2019-08-27T18:38:04 EDT" finished-at="2019-08-27T18:38:04 EDT">
          <reporter-output>
          </reporter-output>
        </test-method> <!-- IOSApps -->
        <test-method status="PASS" signature="nativeAppAndroid()[pri:0, instance:Seleniumtraining.AppiumTest@8e6209]" name="nativeAppAndroid" duration-ms="4" started-at="2019-08-27T18:38:04 EDT" finished-at="2019-08-27T18:38:04 EDT">
          <reporter-output>
          </reporter-output>
        </test-method> <!-- nativeAppAndroid -->
      </class> <!-- Seleniumtraining.AppiumTest -->
    </test> <!-- Test -->
  </suite> <!-- Suite -->
</testng-results>
