<?xml version="1.0" encoding="UTF-8"?>
<testng-results skipped="0" failed="0" ignored="0" total="2" passed="2">
  <reporter-output>
  </reporter-output>
  <suite name="Suite" duration-ms="22896" started-at="2019-08-30T03:20:33 EDT" finished-at="2019-08-30T03:20:55 EDT">
    <groups>
    </groups>
    <test name="Test" duration-ms="22896" started-at="2019-08-30T03:20:33 EDT" finished-at="2019-08-30T03:20:55 EDT">
      <class name="academy.HomePage">
        <test-method status="PASS" signature="initialize()[pri:0, instance:academy.HomePage@1c79255]" name="initialize" is-config="true" duration-ms="3608" started-at="2019-08-30T03:20:33 EDT" finished-at="2019-08-30T03:20:36 EDT">
          <reporter-output>
          </reporter-output>
        </test-method> <!-- initialize -->
        <test-method status="PASS" signature="basePageNavigation(java.lang.String, java.lang.String, java.lang.String)[pri:0, instance:academy.HomePage@1c79255]" name="basePageNavigation" duration-ms="13522" started-at="2019-08-30T03:20:36 EDT" data-provider="getData" finished-at="2019-08-30T03:20:50 EDT">
          <params>
            <param index="0">
              <value>
                <![CDATA[restricteduser@abc.com]]>
              </value>
            </param>
            <param index="1">
              <value>
                <![CDATA[Password123456]]>
              </value>
            </param>
            <param index="2">
              <value>
                <![CDATA[Restricted User]]>
              </value>
            </param>
          </params>
          <reporter-output>
          </reporter-output>
        </test-method> <!-- basePageNavigation -->
        <test-method status="PASS" signature="basePageNavigation(java.lang.String, java.lang.String, java.lang.String)[pri:0, instance:academy.HomePage@1c79255]" name="basePageNavigation" duration-ms="5473" started-at="2019-08-30T03:20:50 EDT" data-provider="getData" finished-at="2019-08-30T03:20:55 EDT">
          <params>
            <param index="0">
              <value>
                <![CDATA[non-restricteduser@abc.com]]>
              </value>
            </param>
            <param index="1">
              <value>
                <![CDATA[Password123456]]>
              </value>
            </param>
            <param index="2">
              <value>
                <![CDATA[Non-Restricted User]]>
              </value>
            </param>
          </params>
          <reporter-output>
          </reporter-output>
        </test-method> <!-- basePageNavigation -->
        <test-method status="PASS" signature="teardown()[pri:0, instance:academy.HomePage@1c79255]" name="teardown" is-config="true" duration-ms="233" started-at="2019-08-30T03:20:55 EDT" finished-at="2019-08-30T03:20:55 EDT">
          <reporter-output>
          </reporter-output>
        </test-method> <!-- teardown -->
      </class> <!-- academy.HomePage -->
    </test> <!-- Test -->
  </suite> <!-- Suite -->
</testng-results>
