<?xml version="1.0" encoding="UTF-8"?>
<!-- Generated by org.testng.reporters.JUnitXMLReporter -->
<testsuite hostname="DESKTOP-5FCAB7O" ignored="0" name="Test" tests="6" failures="0" timestamp="2019-08-27T18:38:04 EDT" time="0.161" errors="0">
  <testcase name="deleteTwitter" time="0.029" classname="Seleniumtraining.RESTApiTest"/>
  <testcase name="posJira" time="0.002" classname="Seleniumtraining.RESTApiTest"/>
  <testcase name="IOSApps" time="0.002" classname="Seleniumtraining.AppiumTest"/>
  <testcase name="nativeAppAndroid" time="0.004" classname="Seleniumtraining.AppiumTest"/>
  <testcase name="BroswerAutomation" time="0.002" classname="Seleniumtraining.SeleniumTest"/>
  <testcase name="elementUI" time="0.002" classname="Seleniumtraining.SeleniumTest"/>
</testsuite> <!-- Test -->
