!SESSION 2019-08-23 18:11:45.330 -----------------------------------------------
eclipse.buildId=4.12.0.I20190605-1800
java.version=12.0.2
java.vendor=Oracle Corporation
BootLoader constants: OS=win32, ARCH=x86_64, WS=win32, NL=en_CA
Framework arguments:  -product org.eclipse.epp.package.java.product
Command-line arguments:  -os win32 -ws win32 -arch x86_64 -product org.eclipse.epp.package.java.product

!ENTRY org.eclipse.egit.core 1 0 2019-08-23 18:12:05.919
!MESSAGE Using Apache MINA sshd as ssh client.

!ENTRY org.eclipse.egit.ui 2 0 2019-08-23 18:13:00.777
!MESSAGE Warning: The environment variable HOME is not set. The following directory will be used to store the Git
user global configuration and to define the default location to store repositories: 'C:\Users\Aryana'. If this is
not correct please set the HOME environment variable and restart Eclipse. Otherwise Git for Windows and
EGit might behave differently since they see different configuration options.
This warning can be switched off on the Team > Git > Confirmations and Warnings preference page.

!ENTRY org.eclipse.m2e.logback.appender 2 0 2019-08-23 18:16:46.479
!MESSAGE C:\Program Files\Git\mingw64\etc\.probe-b474079a-1faa-4aa4-a82c-b41a45684556
!STACK 0
java.nio.file.AccessDeniedException: C:\Program Files\Git\mingw64\etc\.probe-b474079a-1faa-4aa4-a82c-b41a45684556
	at java.base/sun.nio.fs.WindowsException.translateToIOException(WindowsException.java:89)
	at java.base/sun.nio.fs.WindowsException.rethrowAsIOException(WindowsException.java:103)
	at java.base/sun.nio.fs.WindowsException.rethrowAsIOException(WindowsException.java:108)
	at java.base/sun.nio.fs.WindowsFileSystemProvider.newByteChannel(WindowsFileSystemProvider.java:235)
	at java.base/java.nio.file.Files.newByteChannel(Files.java:373)
	at java.base/java.nio.file.Files.createFile(Files.java:650)
	at org.eclipse.jgit.util.FS$FileStoreAttributeCache.<init>(FS.java:234)
	at org.eclipse.jgit.util.FS$FileStoreAttributeCache.getFsTimestampResolution(FS.java:211)
	at org.eclipse.jgit.util.FS.getFsTimerResolution(FS.java:321)
	at org.eclipse.jgit.internal.storage.file.FileSnapshot.<init>(FileSnapshot.java:186)
	at org.eclipse.jgit.internal.storage.file.FileSnapshot.save(FileSnapshot.java:122)
	at org.eclipse.jgit.storage.file.FileBasedConfig.load(FileBasedConfig.java:156)
	at org.eclipse.jgit.internal.storage.file.FileRepository.loadSystemConfig(FileRepository.java:245)
	at org.eclipse.jgit.internal.storage.file.FileRepository.<init>(FileRepository.java:203)
	at org.eclipse.jgit.storage.file.FileRepositoryBuilder.build(FileRepositoryBuilder.java:88)
	at org.eclipse.jgit.storage.file.FileRepositoryBuilder.create(FileRepositoryBuilder.java:108)
	at org.eclipse.egit.core.RepositoryCache.lookupRepository(RepositoryCache.java:58)
	at org.eclipse.egit.core.project.GitProjectData.map(GitProjectData.java:693)
	at org.eclipse.egit.core.project.GitProjectData.remapAll(GitProjectData.java:651)
	at org.eclipse.egit.core.project.GitProjectData.setRepositoryMappings(GitProjectData.java:465)
	at org.eclipse.egit.core.op.ConnectProviderOperation.connectProject(ConnectProviderOperation.java:153)
	at org.eclipse.egit.core.op.ConnectProviderOperation.execute(ConnectProviderOperation.java:111)
	at org.eclipse.egit.core.internal.job.JobUtil$1.run(JobUtil.java:55)
	at org.eclipse.core.internal.jobs.Worker.run(Worker.java:63)

!ENTRY org.testng.eclipse 1 0 2019-08-23 18:23:06.330
!MESSAGE [TestNGLaunchConfigurationDelegate] Launching:
  Classpath: C:\Users\Aryana\eclipse\java-2019-06\eclipse\configuration\org.eclipse.osgi\486\0\.cp\lib\testng-remote.jar D:\Selenium Training\Selenium workspace\Selenium\bin D:\Selenium Training\Selenium Files\commons-io-2.6\commons-io-2.6.jar D:\Selenium Training\Selenium Files\commons-io-2.6\commons-io-2.6-javadoc.jar D:\Selenium Training\Selenium Files\commons-io-2.6\commons-io-2.6-sources.jar D:\Selenium Training\Selenium Files\commons-io-2.6\commons-io-2.6-tests.jar D:\Selenium Training\Selenium Files\commons-io-2.6\commons-io-2.6-test-sources.jar D:\Selenium Training\Selenium Files\Selenium 3.141.59\libs\byte-buddy-1.8.15.jar D:\Selenium Training\Selenium Files\Selenium 3.141.59\libs\commons-exec-1.3.jar D:\Selenium Training\Selenium Files\Selenium 3.141.59\libs\guava-25.0-jre.jar D:\Selenium Training\Selenium Files\Selenium 3.141.59\libs\okhttp-3.11.0.jar D:\Selenium Training\Selenium Files\Selenium 3.141.59\libs\okio-1.14.0.jar D:\Selenium Training\Selenium Files\Selenium 3.141.59\client-combined-3.141.59.jar D:\Selenium Training\Selenium Files\Selenium 3.141.59\client-combined-3.141.59-sources.jar D:\Selenium Training\Selenium Files\Selenium Grid\selenium-server-standalone-3.141.59.jar D:\Selenium Training\Selenium Files\TestNG\testng-6.14.3.jar
  VMArgs:    -ea
  Class:     org.testng.remote.RemoteTestNG
  Args:      -serport 49836 -protocol json -d D:\Selenium Training\Selenium workspace\Selenium\test-output D:\Selenium Training\Selenium workspace\Selenium\classes.xml
java -ea -classpath C:\Users\Aryana\eclipse\java-2019-06\eclipse\configuration\org.eclipse.osgi\486\0\.cp\lib\testng-remote.jar:D:\Selenium Training\Selenium workspace\Selenium\bin:D:\Selenium Training\Selenium Files\commons-io-2.6\commons-io-2.6.jar:D:\Selenium Training\Selenium Files\commons-io-2.6\commons-io-2.6-javadoc.jar:D:\Selenium Training\Selenium Files\commons-io-2.6\commons-io-2.6-sources.jar:D:\Selenium Training\Selenium Files\commons-io-2.6\commons-io-2.6-tests.jar:D:\Selenium Training\Selenium Files\commons-io-2.6\commons-io-2.6-test-sources.jar:D:\Selenium Training\Selenium Files\Selenium 3.141.59\libs\byte-buddy-1.8.15.jar:D:\Selenium Training\Selenium Files\Selenium 3.141.59\libs\commons-exec-1.3.jar:D:\Selenium Training\Selenium Files\Selenium 3.141.59\libs\guava-25.0-jre.jar:D:\Selenium Training\Selenium Files\Selenium 3.141.59\libs\okhttp-3.11.0.jar:D:\Selenium Training\Selenium Files\Selenium 3.141.59\libs\okio-1.14.0.jar:D:\Selenium Training\Selenium Files\Selenium 3.141.59\client-combined-3.141.59.jar:D:\Selenium Training\Selenium Files\Selenium 3.141.59\client-combined-3.141.59-sources.jar:D:\Selenium Training\Selenium Files\Selenium Grid\selenium-server-standalone-3.141.59.jar:D:\Selenium Training\Selenium Files\TestNG\testng-6.14.3.jar org.testng.remote.RemoteTestNG -serport 49836 -protocol json -d D:\Selenium Training\Selenium workspace\Selenium\test-output D:\Selenium Training\Selenium workspace\Selenium\classes.xml

!ENTRY org.eclipse.equinox.p2.transport.ecf 2 0 2019-08-23 18:28:18.605
!MESSAGE Connection to https://beust.com/eclipse./p2.index failed on PKIX path building failed: sun.security.provider.certpath.SunCertPathBuilderException: unable to find valid certification path to requested target. Retry attempt 0 started
!STACK 0
javax.net.ssl.SSLHandshakeException: PKIX path building failed: sun.security.provider.certpath.SunCertPathBuilderException: unable to find valid certification path to requested target
	at java.base/sun.security.ssl.Alert.createSSLException(Alert.java:131)
	at java.base/sun.security.ssl.TransportContext.fatal(TransportContext.java:320)
	at java.base/sun.security.ssl.TransportContext.fatal(TransportContext.java:263)
	at java.base/sun.security.ssl.TransportContext.fatal(TransportContext.java:258)
	at java.base/sun.security.ssl.CertificateMessage$T12CertificateConsumer.checkServerCerts(CertificateMessage.java:641)
	at java.base/sun.security.ssl.CertificateMessage$T12CertificateConsumer.onCertificate(CertificateMessage.java:460)
	at java.base/sun.security.ssl.CertificateMessage$T12CertificateConsumer.consume(CertificateMessage.java:360)
	at java.base/sun.security.ssl.SSLHandshake.consume(SSLHandshake.java:392)
	at java.base/sun.security.ssl.HandshakeContext.dispatch(HandshakeContext.java:443)
	at java.base/sun.security.ssl.HandshakeContext.dispatch(HandshakeContext.java:421)
	at java.base/sun.security.ssl.TransportContext.dispatch(TransportContext.java:177)
	at java.base/sun.security.ssl.SSLTransport.decode(SSLTransport.java:164)
	at java.base/sun.security.ssl.SSLSocketImpl.decode(SSLSocketImpl.java:1180)
	at java.base/sun.security.ssl.SSLSocketImpl.readHandshakeRecord(SSLSocketImpl.java:1091)
	at java.base/sun.security.ssl.SSLSocketImpl.startHandshake(SSLSocketImpl.java:402)
	at org.apache.http.conn.ssl.SSLConnectionSocketFactory.createLayeredSocket(SSLConnectionSocketFactory.java:396)
	at org.apache.http.conn.ssl.SSLConnectionSocketFactory.connectSocket(SSLConnectionSocketFactory.java:355)
	at org.apache.http.impl.conn.DefaultHttpClientConnectionOperator.connect(DefaultHttpClientConnectionOperator.java:142)
	at org.apache.http.impl.conn.PoolingHttpClientConnectionManager.connect(PoolingHttpClientConnectionManager.java:373)
	at org.apache.http.impl.execchain.MainClientExec.establishRoute(MainClientExec.java:394)
	at org.apache.http.impl.execchain.MainClientExec.execute(MainClientExec.java:237)
	at org.apache.http.impl.execchain.ProtocolExec.execute(ProtocolExec.java:185)
	at org.apache.http.impl.execchain.RetryExec.execute(RetryExec.java:89)
	at org.apache.http.impl.execchain.RedirectExec.execute(RedirectExec.java:110)
	at org.apache.http.impl.client.InternalHttpClient.doExecute(InternalHttpClient.java:185)
	at org.apache.http.impl.client.CloseableHttpClient.execute(CloseableHttpClient.java:83)
	at org.eclipse.ecf.provider.filetransfer.httpclient45.HttpClientRetrieveFileTransfer.performConnect(HttpClientRetrieveFileTransfer.java:1000)
	at org.eclipse.ecf.provider.filetransfer.httpclient45.HttpClientRetrieveFileTransfer.access$0(HttpClientRetrieveFileTransfer.java:992)
	at org.eclipse.ecf.provider.filetransfer.httpclient45.HttpClientRetrieveFileTransfer$1.performFileTransfer(HttpClientRetrieveFileTransfer.java:988)
	at org.eclipse.ecf.filetransfer.FileTransferJob.run(FileTransferJob.java:74)
	at org.eclipse.core.internal.jobs.Worker.run(Worker.java:63)
Caused by: sun.security.validator.ValidatorException: PKIX path building failed: sun.security.provider.certpath.SunCertPathBuilderException: unable to find valid certification path to requested target
	at java.base/sun.security.validator.PKIXValidator.doBuild(PKIXValidator.java:384)
	at java.base/sun.security.validator.PKIXValidator.engineValidate(PKIXValidator.java:289)
	at java.base/sun.security.validator.Validator.validate(Validator.java:264)
	at java.base/sun.security.ssl.X509TrustManagerImpl.validate(X509TrustManagerImpl.java:313)
	at java.base/sun.security.ssl.X509TrustManagerImpl.checkTrusted(X509TrustManagerImpl.java:222)
	at java.base/sun.security.ssl.X509TrustManagerImpl.checkServerTrusted(X509TrustManagerImpl.java:129)
	at java.base/sun.security.ssl.CertificateMessage$T12CertificateConsumer.checkServerCerts(CertificateMessage.java:625)
	... 26 more
Caused by: sun.security.provider.certpath.SunCertPathBuilderException: unable to find valid certification path to requested target
	at java.base/sun.security.provider.certpath.SunCertPathBuilder.build(SunCertPathBuilder.java:141)
	at java.base/sun.security.provider.certpath.SunCertPathBuilder.engineBuild(SunCertPathBuilder.java:126)
	at java.base/java.security.cert.CertPathBuilder.build(CertPathBuilder.java:297)
	at java.base/sun.security.validator.PKIXValidator.doBuild(PKIXValidator.java:379)
	... 32 more

!ENTRY org.eclipse.equinox.p2.transport.ecf 4 1002 2019-08-23 18:28:20.164
!MESSAGE Unable to read repository at https://beust.com/eclipse./content.xml.
!STACK 0
javax.net.ssl.SSLHandshakeException: PKIX path building failed: sun.security.provider.certpath.SunCertPathBuilderException: unable to find valid certification path to requested target
	at java.base/sun.security.ssl.Alert.createSSLException(Alert.java:131)
	at java.base/sun.security.ssl.TransportContext.fatal(TransportContext.java:320)
	at java.base/sun.security.ssl.TransportContext.fatal(TransportContext.java:263)
	at java.base/sun.security.ssl.TransportContext.fatal(TransportContext.java:258)
	at java.base/sun.security.ssl.CertificateMessage$T12CertificateConsumer.checkServerCerts(CertificateMessage.java:641)
	at java.base/sun.security.ssl.CertificateMessage$T12CertificateConsumer.onCertificate(CertificateMessage.java:460)
	at java.base/sun.security.ssl.CertificateMessage$T12CertificateConsumer.consume(CertificateMessage.java:360)
	at java.base/sun.security.ssl.SSLHandshake.consume(SSLHandshake.java:392)
	at java.base/sun.security.ssl.HandshakeContext.dispatch(HandshakeContext.java:443)
	at java.base/sun.security.ssl.HandshakeContext.dispatch(HandshakeContext.java:421)
	at java.base/sun.security.ssl.TransportContext.dispatch(TransportContext.java:177)
	at java.base/sun.security.ssl.SSLTransport.decode(SSLTransport.java:164)
	at java.base/sun.security.ssl.SSLSocketImpl.decode(SSLSocketImpl.java:1180)
	at java.base/sun.security.ssl.SSLSocketImpl.readHandshakeRecord(SSLSocketImpl.java:1091)
	at java.base/sun.security.ssl.SSLSocketImpl.startHandshake(SSLSocketImpl.java:402)
	at org.apache.http.conn.ssl.SSLConnectionSocketFactory.createLayeredSocket(SSLConnectionSocketFactory.java:396)
	at org.apache.http.conn.ssl.SSLConnectionSocketFactory.connectSocket(SSLConnectionSocketFactory.java:355)
	at org.apache.http.impl.conn.DefaultHttpClientConnectionOperator.connect(DefaultHttpClientConnectionOperator.java:142)
	at org.apache.http.impl.conn.PoolingHttpClientConnectionManager.connect(PoolingHttpClientConnectionManager.java:373)
	at org.apache.http.impl.execchain.MainClientExec.establishRoute(MainClientExec.java:394)
	at org.apache.http.impl.execchain.MainClientExec.execute(MainClientExec.java:237)
	at org.apache.http.impl.execchain.ProtocolExec.execute(ProtocolExec.java:185)
	at org.apache.http.impl.execchain.RetryExec.execute(RetryExec.java:89)
	at org.apache.http.impl.execchain.RedirectExec.execute(RedirectExec.java:110)
	at org.apache.http.impl.client.InternalHttpClient.doExecute(InternalHttpClient.java:185)
	at org.apache.http.impl.client.CloseableHttpClient.execute(CloseableHttpClient.java:83)
	at org.eclipse.ecf.provider.filetransfer.httpclient45.HttpClientFileSystemBrowser.runRequest(HttpClientFileSystemBrowser.java:246)
	at org.eclipse.ecf.provider.filetransfer.browse.AbstractFileSystemBrowser$DirectoryJob.run(AbstractFileSystemBrowser.java:69)
	at org.eclipse.core.internal.jobs.Worker.run(Worker.java:63)
Caused by: sun.security.validator.ValidatorException: PKIX path building failed: sun.security.provider.certpath.SunCertPathBuilderException: unable to find valid certification path to requested target
	at java.base/sun.security.validator.PKIXValidator.doBuild(PKIXValidator.java:384)
	at java.base/sun.security.validator.PKIXValidator.engineValidate(PKIXValidator.java:289)
	at java.base/sun.security.validator.Validator.validate(Validator.java:264)
	at java.base/sun.security.ssl.X509TrustManagerImpl.validate(X509TrustManagerImpl.java:313)
	at java.base/sun.security.ssl.X509TrustManagerImpl.checkTrusted(X509TrustManagerImpl.java:222)
	at java.base/sun.security.ssl.X509TrustManagerImpl.checkServerTrusted(X509TrustManagerImpl.java:129)
	at java.base/sun.security.ssl.CertificateMessage$T12CertificateConsumer.checkServerCerts(CertificateMessage.java:625)
	... 24 more
Caused by: sun.security.provider.certpath.SunCertPathBuilderException: unable to find valid certification path to requested target
	at java.base/sun.security.provider.certpath.SunCertPathBuilder.build(SunCertPathBuilder.java:141)
	at java.base/sun.security.provider.certpath.SunCertPathBuilder.engineBuild(SunCertPathBuilder.java:126)
	at java.base/java.security.cert.CertPathBuilder.build(CertPathBuilder.java:297)
	at java.base/sun.security.validator.PKIXValidator.doBuild(PKIXValidator.java:379)
	... 30 more

!ENTRY org.eclipse.equinox.p2.transport.ecf 2 0 2019-08-23 18:28:27.763
!MESSAGE Connection to https://beust.com/eclipse/p2.index failed on PKIX path building failed: sun.security.provider.certpath.SunCertPathBuilderException: unable to find valid certification path to requested target. Retry attempt 0 started
!STACK 0
javax.net.ssl.SSLHandshakeException: PKIX path building failed: sun.security.provider.certpath.SunCertPathBuilderException: unable to find valid certification path to requested target
	at java.base/sun.security.ssl.Alert.createSSLException(Alert.java:131)
	at java.base/sun.security.ssl.TransportContext.fatal(TransportContext.java:320)
	at java.base/sun.security.ssl.TransportContext.fatal(TransportContext.java:263)
	at java.base/sun.security.ssl.TransportContext.fatal(TransportContext.java:258)
	at java.base/sun.security.ssl.CertificateMessage$T12CertificateConsumer.checkServerCerts(CertificateMessage.java:641)
	at java.base/sun.security.ssl.CertificateMessage$T12CertificateConsumer.onCertificate(CertificateMessage.java:460)
	at java.base/sun.security.ssl.CertificateMessage$T12CertificateConsumer.consume(CertificateMessage.java:360)
	at java.base/sun.security.ssl.SSLHandshake.consume(SSLHandshake.java:392)
	at java.base/sun.security.ssl.HandshakeContext.dispatch(HandshakeContext.java:443)
	at java.base/sun.security.ssl.HandshakeContext.dispatch(HandshakeContext.java:421)
	at java.base/sun.security.ssl.TransportContext.dispatch(TransportContext.java:177)
	at java.base/sun.security.ssl.SSLTransport.decode(SSLTransport.java:164)
	at java.base/sun.security.ssl.SSLSocketImpl.decode(SSLSocketImpl.java:1180)
	at java.base/sun.security.ssl.SSLSocketImpl.readHandshakeRecord(SSLSocketImpl.java:1091)
	at java.base/sun.security.ssl.SSLSocketImpl.startHandshake(SSLSocketImpl.java:402)
	at org.apache.http.conn.ssl.SSLConnectionSocketFactory.createLayeredSocket(SSLConnectionSocketFactory.java:396)
	at org.apache.http.conn.ssl.SSLConnectionSocketFactory.connectSocket(SSLConnectionSocketFactory.java:355)
	at org.apache.http.impl.conn.DefaultHttpClientConnectionOperator.connect(DefaultHttpClientConnectionOperator.java:142)
	at org.apache.http.impl.conn.PoolingHttpClientConnectionManager.connect(PoolingHttpClientConnectionManager.java:373)
	at org.apache.http.impl.execchain.MainClientExec.establishRoute(MainClientExec.java:394)
	at org.apache.http.impl.execchain.MainClientExec.execute(MainClientExec.java:237)
	at org.apache.http.impl.execchain.ProtocolExec.execute(ProtocolExec.java:185)
	at org.apache.http.impl.execchain.RetryExec.execute(RetryExec.java:89)
	at org.apache.http.impl.execchain.RedirectExec.execute(RedirectExec.java:110)
	at org.apache.http.impl.client.InternalHttpClient.doExecute(InternalHttpClient.java:185)
	at org.apache.http.impl.client.CloseableHttpClient.execute(CloseableHttpClient.java:83)
	at org.eclipse.ecf.provider.filetransfer.httpclient45.HttpClientRetrieveFileTransfer.performConnect(HttpClientRetrieveFileTransfer.java:1000)
	at org.eclipse.ecf.provider.filetransfer.httpclient45.HttpClientRetrieveFileTransfer.access$0(HttpClientRetrieveFileTransfer.java:992)
	at org.eclipse.ecf.provider.filetransfer.httpclient45.HttpClientRetrieveFileTransfer$1.performFileTransfer(HttpClientRetrieveFileTransfer.java:988)
	at org.eclipse.ecf.filetransfer.FileTransferJob.run(FileTransferJob.java:74)
	at org.eclipse.core.internal.jobs.Worker.run(Worker.java:63)
Caused by: sun.security.validator.ValidatorException: PKIX path building failed: sun.security.provider.certpath.SunCertPathBuilderException: unable to find valid certification path to requested target
	at java.base/sun.security.validator.PKIXValidator.doBuild(PKIXValidator.java:384)
	at java.base/sun.security.validator.PKIXValidator.engineValidate(PKIXValidator.java:289)
	at java.base/sun.security.validator.Validator.validate(Validator.java:264)
	at java.base/sun.security.ssl.X509TrustManagerImpl.validate(X509TrustManagerImpl.java:313)
	at java.base/sun.security.ssl.X509TrustManagerImpl.checkTrusted(X509TrustManagerImpl.java:222)
	at java.base/sun.security.ssl.X509TrustManagerImpl.checkServerTrusted(X509TrustManagerImpl.java:129)
	at java.base/sun.security.ssl.CertificateMessage$T12CertificateConsumer.checkServerCerts(CertificateMessage.java:625)
	... 26 more
Caused by: sun.security.provider.certpath.SunCertPathBuilderException: unable to find valid certification path to requested target
	at java.base/sun.security.provider.certpath.SunCertPathBuilder.build(SunCertPathBuilder.java:141)
	at java.base/sun.security.provider.certpath.SunCertPathBuilder.engineBuild(SunCertPathBuilder.java:126)
	at java.base/java.security.cert.CertPathBuilder.build(CertPathBuilder.java:297)
	at java.base/sun.security.validator.PKIXValidator.doBuild(PKIXValidator.java:379)
	... 32 more

!ENTRY org.eclipse.equinox.p2.transport.ecf 4 1002 2019-08-23 18:28:28.548
!MESSAGE Unable to read repository at https://beust.com/eclipse/content.xml.
!STACK 0
javax.net.ssl.SSLHandshakeException: PKIX path building failed: sun.security.provider.certpath.SunCertPathBuilderException: unable to find valid certification path to requested target
	at java.base/sun.security.ssl.Alert.createSSLException(Alert.java:131)
	at java.base/sun.security.ssl.TransportContext.fatal(TransportContext.java:320)
	at java.base/sun.security.ssl.TransportContext.fatal(TransportContext.java:263)
	at java.base/sun.security.ssl.TransportContext.fatal(TransportContext.java:258)
	at java.base/sun.security.ssl.CertificateMessage$T12CertificateConsumer.checkServerCerts(CertificateMessage.java:641)
	at java.base/sun.security.ssl.CertificateMessage$T12CertificateConsumer.onCertificate(CertificateMessage.java:460)
	at java.base/sun.security.ssl.CertificateMessage$T12CertificateConsumer.consume(CertificateMessage.java:360)
	at java.base/sun.security.ssl.SSLHandshake.consume(SSLHandshake.java:392)
	at java.base/sun.security.ssl.HandshakeContext.dispatch(HandshakeContext.java:443)
	at java.base/sun.security.ssl.HandshakeContext.dispatch(HandshakeContext.java:421)
	at java.base/sun.security.ssl.TransportContext.dispatch(TransportContext.java:177)
	at java.base/sun.security.ssl.SSLTransport.decode(SSLTransport.java:164)
	at java.base/sun.security.ssl.SSLSocketImpl.decode(SSLSocketImpl.java:1180)
	at java.base/sun.security.ssl.SSLSocketImpl.readHandshakeRecord(SSLSocketImpl.java:1091)
	at java.base/sun.security.ssl.SSLSocketImpl.startHandshake(SSLSocketImpl.java:402)
	at org.apache.http.conn.ssl.SSLConnectionSocketFactory.createLayeredSocket(SSLConnectionSocketFactory.java:396)
	at org.apache.http.conn.ssl.SSLConnectionSocketFactory.connectSocket(SSLConnectionSocketFactory.java:355)
	at org.apache.http.impl.conn.DefaultHttpClientConnectionOperator.connect(DefaultHttpClientConnectionOperator.java:142)
	at org.apache.http.impl.conn.PoolingHttpClientConnectionManager.connect(PoolingHttpClientConnectionManager.java:373)
	at org.apache.http.impl.execchain.MainClientExec.establishRoute(MainClientExec.java:394)
	at org.apache.http.impl.execchain.MainClientExec.execute(MainClientExec.java:237)
	at org.apache.http.impl.execchain.ProtocolExec.execute(ProtocolExec.java:185)
	at org.apache.http.impl.execchain.RetryExec.execute(RetryExec.java:89)
	at org.apache.http.impl.execchain.RedirectExec.execute(RedirectExec.java:110)
	at org.apache.http.impl.client.InternalHttpClient.doExecute(InternalHttpClient.java:185)
	at org.apache.http.impl.client.CloseableHttpClient.execute(CloseableHttpClient.java:83)
	at org.eclipse.ecf.provider.filetransfer.httpclient45.HttpClientFileSystemBrowser.runRequest(HttpClientFileSystemBrowser.java:246)
	at org.eclipse.ecf.provider.filetransfer.browse.AbstractFileSystemBrowser$DirectoryJob.run(AbstractFileSystemBrowser.java:69)
	at org.eclipse.core.internal.jobs.Worker.run(Worker.java:63)
Caused by: sun.security.validator.ValidatorException: PKIX path building failed: sun.security.provider.certpath.SunCertPathBuilderException: unable to find valid certification path to requested target
	at java.base/sun.security.validator.PKIXValidator.doBuild(PKIXValidator.java:384)
	at java.base/sun.security.validator.PKIXValidator.engineValidate(PKIXValidator.java:289)
	at java.base/sun.security.validator.Validator.validate(Validator.java:264)
	at java.base/sun.security.ssl.X509TrustManagerImpl.validate(X509TrustManagerImpl.java:313)
	at java.base/sun.security.ssl.X509TrustManagerImpl.checkTrusted(X509TrustManagerImpl.java:222)
	at java.base/sun.security.ssl.X509TrustManagerImpl.checkServerTrusted(X509TrustManagerImpl.java:129)
	at java.base/sun.security.ssl.CertificateMessage$T12CertificateConsumer.checkServerCerts(CertificateMessage.java:625)
	... 24 more
Caused by: sun.security.provider.certpath.SunCertPathBuilderException: unable to find valid certification path to requested target
	at java.base/sun.security.provider.certpath.SunCertPathBuilder.build(SunCertPathBuilder.java:141)
	at java.base/sun.security.provider.certpath.SunCertPathBuilder.engineBuild(SunCertPathBuilder.java:126)
	at java.base/java.security.cert.CertPathBuilder.build(CertPathBuilder.java:297)
	at java.base/sun.security.validator.PKIXValidator.doBuild(PKIXValidator.java:379)
	... 30 more

!ENTRY org.eclipse.equinox.p2.transport.ecf 2 0 2019-08-23 18:28:28.969
!MESSAGE Connection to https://beust.com/eclipse-beta/p2.index failed on PKIX path building failed: sun.security.provider.certpath.SunCertPathBuilderException: unable to find valid certification path to requested target. Retry attempt 0 started
!STACK 0
javax.net.ssl.SSLHandshakeException: PKIX path building failed: sun.security.provider.certpath.SunCertPathBuilderException: unable to find valid certification path to requested target
	at java.base/sun.security.ssl.Alert.createSSLException(Alert.java:131)
	at java.base/sun.security.ssl.TransportContext.fatal(TransportContext.java:320)
	at java.base/sun.security.ssl.TransportContext.fatal(TransportContext.java:263)
	at java.base/sun.security.ssl.TransportContext.fatal(TransportContext.java:258)
	at java.base/sun.security.ssl.CertificateMessage$T12CertificateConsumer.checkServerCerts(CertificateMessage.java:641)
	at java.base/sun.security.ssl.CertificateMessage$T12CertificateConsumer.onCertificate(CertificateMessage.java:460)
	at java.base/sun.security.ssl.CertificateMessage$T12CertificateConsumer.consume(CertificateMessage.java:360)
	at java.base/sun.security.ssl.SSLHandshake.consume(SSLHandshake.java:392)
	at java.base/sun.security.ssl.HandshakeContext.dispatch(HandshakeContext.java:443)
	at java.base/sun.security.ssl.HandshakeContext.dispatch(HandshakeContext.java:421)
	at java.base/sun.security.ssl.TransportContext.dispatch(TransportContext.java:177)
	at java.base/sun.security.ssl.SSLTransport.decode(SSLTransport.java:164)
	at java.base/sun.security.ssl.SSLSocketImpl.decode(SSLSocketImpl.java:1180)
	at java.base/sun.security.ssl.SSLSocketImpl.readHandshakeRecord(SSLSocketImpl.java:1091)
	at java.base/sun.security.ssl.SSLSocketImpl.startHandshake(SSLSocketImpl.java:402)
	at org.apache.http.conn.ssl.SSLConnectionSocketFactory.createLayeredSocket(SSLConnectionSocketFactory.java:396)
	at org.apache.http.conn.ssl.SSLConnectionSocketFactory.connectSocket(SSLConnectionSocketFactory.java:355)
	at org.apache.http.impl.conn.DefaultHttpClientConnectionOperator.connect(DefaultHttpClientConnectionOperator.java:142)
	at org.apache.http.impl.conn.PoolingHttpClientConnectionManager.connect(PoolingHttpClientConnectionManager.java:373)
	at org.apache.http.impl.execchain.MainClientExec.establishRoute(MainClientExec.java:394)
	at org.apache.http.impl.execchain.MainClientExec.execute(MainClientExec.java:237)
	at org.apache.http.impl.execchain.ProtocolExec.execute(ProtocolExec.java:185)
	at org.apache.http.impl.execchain.RetryExec.execute(RetryExec.java:89)
	at org.apache.http.impl.execchain.RedirectExec.execute(RedirectExec.java:110)
	at org.apache.http.impl.client.InternalHttpClient.doExecute(InternalHttpClient.java:185)
	at org.apache.http.impl.client.CloseableHttpClient.execute(CloseableHttpClient.java:83)
	at org.eclipse.ecf.provider.filetransfer.httpclient45.HttpClientRetrieveFileTransfer.performConnect(HttpClientRetrieveFileTransfer.java:1000)
	at org.eclipse.ecf.provider.filetransfer.httpclient45.HttpClientRetrieveFileTransfer.access$0(HttpClientRetrieveFileTransfer.java:992)
	at org.eclipse.ecf.provider.filetransfer.httpclient45.HttpClientRetrieveFileTransfer$1.performFileTransfer(HttpClientRetrieveFileTransfer.java:988)
	at org.eclipse.ecf.filetransfer.FileTransferJob.run(FileTransferJob.java:74)
	at org.eclipse.core.internal.jobs.Worker.run(Worker.java:63)
Caused by: sun.security.validator.ValidatorException: PKIX path building failed: sun.security.provider.certpath.SunCertPathBuilderException: unable to find valid certification path to requested target
	at java.base/sun.security.validator.PKIXValidator.doBuild(PKIXValidator.java:384)
	at java.base/sun.security.validator.PKIXValidator.engineValidate(PKIXValidator.java:289)
	at java.base/sun.security.validator.Validator.validate(Validator.java:264)
	at java.base/sun.security.ssl.X509TrustManagerImpl.validate(X509TrustManagerImpl.java:313)
	at java.base/sun.security.ssl.X509TrustManagerImpl.checkTrusted(X509TrustManagerImpl.java:222)
	at java.base/sun.security.ssl.X509TrustManagerImpl.checkServerTrusted(X509TrustManagerImpl.java:129)
	at java.base/sun.security.ssl.CertificateMessage$T12CertificateConsumer.checkServerCerts(CertificateMessage.java:625)
	... 26 more
Caused by: sun.security.provider.certpath.SunCertPathBuilderException: unable to find valid certification path to requested target
	at java.base/sun.security.provider.certpath.SunCertPathBuilder.build(SunCertPathBuilder.java:141)
	at java.base/sun.security.provider.certpath.SunCertPathBuilder.engineBuild(SunCertPathBuilder.java:126)
	at java.base/java.security.cert.CertPathBuilder.build(CertPathBuilder.java:297)
	at java.base/sun.security.validator.PKIXValidator.doBuild(PKIXValidator.java:379)
	... 32 more

!ENTRY org.eclipse.equinox.p2.transport.ecf 4 1002 2019-08-23 18:28:29.796
!MESSAGE Unable to read repository at https://beust.com/eclipse-beta/content.xml.
!STACK 0
javax.net.ssl.SSLHandshakeException: PKIX path building failed: sun.security.provider.certpath.SunCertPathBuilderException: unable to find valid certification path to requested target
	at java.base/sun.security.ssl.Alert.createSSLException(Alert.java:131)
	at java.base/sun.security.ssl.TransportContext.fatal(TransportContext.java:320)
	at java.base/sun.security.ssl.TransportContext.fatal(TransportContext.java:263)
	at java.base/sun.security.ssl.TransportContext.fatal(TransportContext.java:258)
	at java.base/sun.security.ssl.CertificateMessage$T12CertificateConsumer.checkServerCerts(CertificateMessage.java:641)
	at java.base/sun.security.ssl.CertificateMessage$T12CertificateConsumer.onCertificate(CertificateMessage.java:460)
	at java.base/sun.security.ssl.CertificateMessage$T12CertificateConsumer.consume(CertificateMessage.java:360)
	at java.base/sun.security.ssl.SSLHandshake.consume(SSLHandshake.java:392)
	at java.base/sun.security.ssl.HandshakeContext.dispatch(HandshakeContext.java:443)
	at java.base/sun.security.ssl.HandshakeContext.dispatch(HandshakeContext.java:421)
	at java.base/sun.security.ssl.TransportContext.dispatch(TransportContext.java:177)
	at java.base/sun.security.ssl.SSLTransport.decode(SSLTransport.java:164)
	at java.base/sun.security.ssl.SSLSocketImpl.decode(SSLSocketImpl.java:1180)
	at java.base/sun.security.ssl.SSLSocketImpl.readHandshakeRecord(SSLSocketImpl.java:1091)
	at java.base/sun.security.ssl.SSLSocketImpl.startHandshake(SSLSocketImpl.java:402)
	at org.apache.http.conn.ssl.SSLConnectionSocketFactory.createLayeredSocket(SSLConnectionSocketFactory.java:396)
	at org.apache.http.conn.ssl.SSLConnectionSocketFactory.connectSocket(SSLConnectionSocketFactory.java:355)
	at org.apache.http.impl.conn.DefaultHttpClientConnectionOperator.connect(DefaultHttpClientConnectionOperator.java:142)
	at org.apache.http.impl.conn.PoolingHttpClientConnectionManager.connect(PoolingHttpClientConnectionManager.java:373)
	at org.apache.http.impl.execchain.MainClientExec.establishRoute(MainClientExec.java:394)
	at org.apache.http.impl.execchain.MainClientExec.execute(MainClientExec.java:237)
	at org.apache.http.impl.execchain.ProtocolExec.execute(ProtocolExec.java:185)
	at org.apache.http.impl.execchain.RetryExec.execute(RetryExec.java:89)
	at org.apache.http.impl.execchain.RedirectExec.execute(RedirectExec.java:110)
	at org.apache.http.impl.client.InternalHttpClient.doExecute(InternalHttpClient.java:185)
	at org.apache.http.impl.client.CloseableHttpClient.execute(CloseableHttpClient.java:83)
	at org.eclipse.ecf.provider.filetransfer.httpclient45.HttpClientFileSystemBrowser.runRequest(HttpClientFileSystemBrowser.java:246)
	at org.eclipse.ecf.provider.filetransfer.browse.AbstractFileSystemBrowser$DirectoryJob.run(AbstractFileSystemBrowser.java:69)
	at org.eclipse.core.internal.jobs.Worker.run(Worker.java:63)
Caused by: sun.security.validator.ValidatorException: PKIX path building failed: sun.security.provider.certpath.SunCertPathBuilderException: unable to find valid certification path to requested target
	at java.base/sun.security.validator.PKIXValidator.doBuild(PKIXValidator.java:384)
	at java.base/sun.security.validator.PKIXValidator.engineValidate(PKIXValidator.java:289)
	at java.base/sun.security.validator.Validator.validate(Validator.java:264)
	at java.base/sun.security.ssl.X509TrustManagerImpl.validate(X509TrustManagerImpl.java:313)
	at java.base/sun.security.ssl.X509TrustManagerImpl.checkTrusted(X509TrustManagerImpl.java:222)
	at java.base/sun.security.ssl.X509TrustManagerImpl.checkServerTrusted(X509TrustManagerImpl.java:129)
	at java.base/sun.security.ssl.CertificateMessage$T12CertificateConsumer.checkServerCerts(CertificateMessage.java:625)
	... 24 more
Caused by: sun.security.provider.certpath.SunCertPathBuilderException: unable to find valid certification path to requested target
	at java.base/sun.security.provider.certpath.SunCertPathBuilder.build(SunCertPathBuilder.java:141)
	at java.base/sun.security.provider.certpath.SunCertPathBuilder.engineBuild(SunCertPathBuilder.java:126)
	at java.base/java.security.cert.CertPathBuilder.build(CertPathBuilder.java:297)
	at java.base/sun.security.validator.PKIXValidator.doBuild(PKIXValidator.java:379)
	... 30 more

!ENTRY org.eclipse.equinox.p2.metadata.repository 4 1000 2019-08-23 18:28:38.877
!MESSAGE No repository found at http://beust.com/eclipse..

!ENTRY org.testng.eclipse 1 0 2019-08-23 18:35:33.400
!MESSAGE [TestNGLaunchConfigurationDelegate] Launching:
  Classpath: C:\Users\Aryana\eclipse\java-2019-06\eclipse\configuration\org.eclipse.osgi\486\0\.cp\lib\testng-remote.jar D:\Selenium Training\Selenium workspace\Selenium Training\bin D:\Selenium Training\Selenium Files\commons-io-2.6\commons-io-2.6.jar D:\Selenium Training\Selenium Files\commons-io-2.6\commons-io-2.6-javadoc.jar D:\Selenium Training\Selenium Files\commons-io-2.6\commons-io-2.6-sources.jar D:\Selenium Training\Selenium Files\commons-io-2.6\commons-io-2.6-tests.jar D:\Selenium Training\Selenium Files\commons-io-2.6\commons-io-2.6-test-sources.jar D:\Selenium Training\Selenium Files\Selenium 3.141.59\libs\byte-buddy-1.8.15.jar D:\Selenium Training\Selenium Files\Selenium 3.141.59\libs\commons-exec-1.3.jar D:\Selenium Training\Selenium Files\Selenium 3.141.59\libs\guava-25.0-jre.jar D:\Selenium Training\Selenium Files\Selenium 3.141.59\libs\okhttp-3.11.0.jar D:\Selenium Training\Selenium Files\Selenium 3.141.59\libs\okio-1.14.0.jar D:\Selenium Training\Selenium Files\Selenium 3.141.59\client-combined-3.141.59.jar D:\Selenium Training\Selenium Files\Selenium 3.141.59\client-combined-3.141.59-sources.jar D:\Selenium Training\Selenium Files\Selenium Grid\selenium-server-standalone-3.141.59.jar D:\Selenium Training\Selenium Files\TestNG\testng-6.14.3.jar
  VMArgs:    -ea
  Class:     org.testng.remote.RemoteTestNG
  Args:      -serport 49969 -protocol json -d D:\Selenium Training\Selenium workspace\Selenium Training\test-output D:\Selenium Training\Selenium workspace\Selenium Training\Groups.xml
java -ea -classpath C:\Users\Aryana\eclipse\java-2019-06\eclipse\configuration\org.eclipse.osgi\486\0\.cp\lib\testng-remote.jar:D:\Selenium Training\Selenium workspace\Selenium Training\bin:D:\Selenium Training\Selenium Files\commons-io-2.6\commons-io-2.6.jar:D:\Selenium Training\Selenium Files\commons-io-2.6\commons-io-2.6-javadoc.jar:D:\Selenium Training\Selenium Files\commons-io-2.6\commons-io-2.6-sources.jar:D:\Selenium Training\Selenium Files\commons-io-2.6\commons-io-2.6-tests.jar:D:\Selenium Training\Selenium Files\commons-io-2.6\commons-io-2.6-test-sources.jar:D:\Selenium Training\Selenium Files\Selenium 3.141.59\libs\byte-buddy-1.8.15.jar:D:\Selenium Training\Selenium Files\Selenium 3.141.59\libs\commons-exec-1.3.jar:D:\Selenium Training\Selenium Files\Selenium 3.141.59\libs\guava-25.0-jre.jar:D:\Selenium Training\Selenium Files\Selenium 3.141.59\libs\okhttp-3.11.0.jar:D:\Selenium Training\Selenium Files\Selenium 3.141.59\libs\okio-1.14.0.jar:D:\Selenium Training\Selenium Files\Selenium 3.141.59\client-combined-3.141.59.jar:D:\Selenium Training\Selenium Files\Selenium 3.141.59\client-combined-3.141.59-sources.jar:D:\Selenium Training\Selenium Files\Selenium Grid\selenium-server-standalone-3.141.59.jar:D:\Selenium Training\Selenium Files\TestNG\testng-6.14.3.jar org.testng.remote.RemoteTestNG -serport 49969 -protocol json -d D:\Selenium Training\Selenium workspace\Selenium Training\test-output D:\Selenium Training\Selenium workspace\Selenium Training\Groups.xml

!ENTRY org.testng.eclipse 1 0 2019-08-23 18:35:45.694
!MESSAGE [TestNGLaunchConfigurationDelegate] Launching:
  Classpath: C:\Users\Aryana\eclipse\java-2019-06\eclipse\configuration\org.eclipse.osgi\486\0\.cp\lib\testng-remote.jar D:\Selenium Training\Selenium workspace\Selenium Training\bin D:\Selenium Training\Selenium Files\commons-io-2.6\commons-io-2.6.jar D:\Selenium Training\Selenium Files\commons-io-2.6\commons-io-2.6-javadoc.jar D:\Selenium Training\Selenium Files\commons-io-2.6\commons-io-2.6-sources.jar D:\Selenium Training\Selenium Files\commons-io-2.6\commons-io-2.6-tests.jar D:\Selenium Training\Selenium Files\commons-io-2.6\commons-io-2.6-test-sources.jar D:\Selenium Training\Selenium Files\Selenium 3.141.59\libs\byte-buddy-1.8.15.jar D:\Selenium Training\Selenium Files\Selenium 3.141.59\libs\commons-exec-1.3.jar D:\Selenium Training\Selenium Files\Selenium 3.141.59\libs\guava-25.0-jre.jar D:\Selenium Training\Selenium Files\Selenium 3.141.59\libs\okhttp-3.11.0.jar D:\Selenium Training\Selenium Files\Selenium 3.141.59\libs\okio-1.14.0.jar D:\Selenium Training\Selenium Files\Selenium 3.141.59\client-combined-3.141.59.jar D:\Selenium Training\Selenium Files\Selenium 3.141.59\client-combined-3.141.59-sources.jar D:\Selenium Training\Selenium Files\Selenium Grid\selenium-server-standalone-3.141.59.jar D:\Selenium Training\Selenium Files\TestNG\testng-6.14.3.jar
  VMArgs:    -ea
  Class:     org.testng.remote.RemoteTestNG
  Args:      -serport 49974 -protocol json -d D:\Selenium Training\Selenium workspace\Selenium Training\test-output D:\Selenium Training\Selenium workspace\Selenium Training\Groups.xml
java -ea -classpath C:\Users\Aryana\eclipse\java-2019-06\eclipse\configuration\org.eclipse.osgi\486\0\.cp\lib\testng-remote.jar:D:\Selenium Training\Selenium workspace\Selenium Training\bin:D:\Selenium Training\Selenium Files\commons-io-2.6\commons-io-2.6.jar:D:\Selenium Training\Selenium Files\commons-io-2.6\commons-io-2.6-javadoc.jar:D:\Selenium Training\Selenium Files\commons-io-2.6\commons-io-2.6-sources.jar:D:\Selenium Training\Selenium Files\commons-io-2.6\commons-io-2.6-tests.jar:D:\Selenium Training\Selenium Files\commons-io-2.6\commons-io-2.6-test-sources.jar:D:\Selenium Training\Selenium Files\Selenium 3.141.59\libs\byte-buddy-1.8.15.jar:D:\Selenium Training\Selenium Files\Selenium 3.141.59\libs\commons-exec-1.3.jar:D:\Selenium Training\Selenium Files\Selenium 3.141.59\libs\guava-25.0-jre.jar:D:\Selenium Training\Selenium Files\Selenium 3.141.59\libs\okhttp-3.11.0.jar:D:\Selenium Training\Selenium Files\Selenium 3.141.59\libs\okio-1.14.0.jar:D:\Selenium Training\Selenium Files\Selenium 3.141.59\client-combined-3.141.59.jar:D:\Selenium Training\Selenium Files\Selenium 3.141.59\client-combined-3.141.59-sources.jar:D:\Selenium Training\Selenium Files\Selenium Grid\selenium-server-standalone-3.141.59.jar:D:\Selenium Training\Selenium Files\TestNG\testng-6.14.3.jar org.testng.remote.RemoteTestNG -serport 49974 -protocol json -d D:\Selenium Training\Selenium workspace\Selenium Training\test-output D:\Selenium Training\Selenium workspace\Selenium Training\Groups.xml

!ENTRY org.testng.eclipse 1 0 2019-08-23 18:45:49.852
!MESSAGE [TestNGLaunchConfigurationDelegate] Launching:
  Classpath: C:\Users\Aryana\eclipse\java-2019-06\eclipse\configuration\org.eclipse.osgi\486\0\.cp\lib\testng-remote.jar D:\Selenium Training\Selenium workspace\Selenium Training\bin D:\Selenium Training\Selenium Files\commons-io-2.6\commons-io-2.6.jar D:\Selenium Training\Selenium Files\commons-io-2.6\commons-io-2.6-javadoc.jar D:\Selenium Training\Selenium Files\commons-io-2.6\commons-io-2.6-sources.jar D:\Selenium Training\Selenium Files\commons-io-2.6\commons-io-2.6-tests.jar D:\Selenium Training\Selenium Files\commons-io-2.6\commons-io-2.6-test-sources.jar D:\Selenium Training\Selenium Files\Selenium 3.141.59\libs\byte-buddy-1.8.15.jar D:\Selenium Training\Selenium Files\Selenium 3.141.59\libs\commons-exec-1.3.jar D:\Selenium Training\Selenium Files\Selenium 3.141.59\libs\guava-25.0-jre.jar D:\Selenium Training\Selenium Files\Selenium 3.141.59\libs\okhttp-3.11.0.jar D:\Selenium Training\Selenium Files\Selenium 3.141.59\libs\okio-1.14.0.jar D:\Selenium Training\Selenium Files\Selenium 3.141.59\client-combined-3.141.59.jar D:\Selenium Training\Selenium Files\Selenium 3.141.59\client-combined-3.141.59-sources.jar D:\Selenium Training\Selenium Files\Selenium Grid\selenium-server-standalone-3.141.59.jar D:\Selenium Training\Selenium Files\TestNG\testng-6.14.3.jar
  VMArgs:    -ea
  Class:     org.testng.remote.RemoteTestNG
  Args:      -serport 49994 -protocol json -d D:\Selenium Training\Selenium workspace\Selenium Training\test-output D:\Selenium Training\Selenium workspace\Selenium Training\Groups.xml
java -ea -classpath C:\Users\Aryana\eclipse\java-2019-06\eclipse\configuration\org.eclipse.osgi\486\0\.cp\lib\testng-remote.jar:D:\Selenium Training\Selenium workspace\Selenium Training\bin:D:\Selenium Training\Selenium Files\commons-io-2.6\commons-io-2.6.jar:D:\Selenium Training\Selenium Files\commons-io-2.6\commons-io-2.6-javadoc.jar:D:\Selenium Training\Selenium Files\commons-io-2.6\commons-io-2.6-sources.jar:D:\Selenium Training\Selenium Files\commons-io-2.6\commons-io-2.6-tests.jar:D:\Selenium Training\Selenium Files\commons-io-2.6\commons-io-2.6-test-sources.jar:D:\Selenium Training\Selenium Files\Selenium 3.141.59\libs\byte-buddy-1.8.15.jar:D:\Selenium Training\Selenium Files\Selenium 3.141.59\libs\commons-exec-1.3.jar:D:\Selenium Training\Selenium Files\Selenium 3.141.59\libs\guava-25.0-jre.jar:D:\Selenium Training\Selenium Files\Selenium 3.141.59\libs\okhttp-3.11.0.jar:D:\Selenium Training\Selenium Files\Selenium 3.141.59\libs\okio-1.14.0.jar:D:\Selenium Training\Selenium Files\Selenium 3.141.59\client-combined-3.141.59.jar:D:\Selenium Training\Selenium Files\Selenium 3.141.59\client-combined-3.141.59-sources.jar:D:\Selenium Training\Selenium Files\Selenium Grid\selenium-server-standalone-3.141.59.jar:D:\Selenium Training\Selenium Files\TestNG\testng-6.14.3.jar org.testng.remote.RemoteTestNG -serport 49994 -protocol json -d D:\Selenium Training\Selenium workspace\Selenium Training\test-output D:\Selenium Training\Selenium workspace\Selenium Training\Groups.xml

!ENTRY org.testng.eclipse 1 0 2019-08-23 18:46:35.657
!MESSAGE [TestNGLaunchConfigurationDelegate] Launching:
  Classpath: C:\Users\Aryana\eclipse\java-2019-06\eclipse\configuration\org.eclipse.osgi\486\0\.cp\lib\testng-remote.jar D:\Selenium Training\Selenium workspace\Selenium Training\bin D:\Selenium Training\Selenium Files\commons-io-2.6\commons-io-2.6.jar D:\Selenium Training\Selenium Files\commons-io-2.6\commons-io-2.6-javadoc.jar D:\Selenium Training\Selenium Files\commons-io-2.6\commons-io-2.6-sources.jar D:\Selenium Training\Selenium Files\commons-io-2.6\commons-io-2.6-tests.jar D:\Selenium Training\Selenium Files\commons-io-2.6\commons-io-2.6-test-sources.jar D:\Selenium Training\Selenium Files\Selenium 3.141.59\libs\byte-buddy-1.8.15.jar D:\Selenium Training\Selenium Files\Selenium 3.141.59\libs\commons-exec-1.3.jar D:\Selenium Training\Selenium Files\Selenium 3.141.59\libs\guava-25.0-jre.jar D:\Selenium Training\Selenium Files\Selenium 3.141.59\libs\okhttp-3.11.0.jar D:\Selenium Training\Selenium Files\Selenium 3.141.59\libs\okio-1.14.0.jar D:\Selenium Training\Selenium Files\Selenium 3.141.59\client-combined-3.141.59.jar D:\Selenium Training\Selenium Files\Selenium 3.141.59\client-combined-3.141.59-sources.jar D:\Selenium Training\Selenium Files\Selenium Grid\selenium-server-standalone-3.141.59.jar D:\Selenium Training\Selenium Files\TestNG\testng-6.14.3.jar
  VMArgs:    -ea
  Class:     org.testng.remote.RemoteTestNG
  Args:      -serport 49998 -protocol json -d D:\Selenium Training\Selenium workspace\Selenium Training\test-output D:\Selenium Training\Selenium workspace\Selenium Training\Groups.xml
java -ea -classpath C:\Users\Aryana\eclipse\java-2019-06\eclipse\configuration\org.eclipse.osgi\486\0\.cp\lib\testng-remote.jar:D:\Selenium Training\Selenium workspace\Selenium Training\bin:D:\Selenium Training\Selenium Files\commons-io-2.6\commons-io-2.6.jar:D:\Selenium Training\Selenium Files\commons-io-2.6\commons-io-2.6-javadoc.jar:D:\Selenium Training\Selenium Files\commons-io-2.6\commons-io-2.6-sources.jar:D:\Selenium Training\Selenium Files\commons-io-2.6\commons-io-2.6-tests.jar:D:\Selenium Training\Selenium Files\commons-io-2.6\commons-io-2.6-test-sources.jar:D:\Selenium Training\Selenium Files\Selenium 3.141.59\libs\byte-buddy-1.8.15.jar:D:\Selenium Training\Selenium Files\Selenium 3.141.59\libs\commons-exec-1.3.jar:D:\Selenium Training\Selenium Files\Selenium 3.141.59\libs\guava-25.0-jre.jar:D:\Selenium Training\Selenium Files\Selenium 3.141.59\libs\okhttp-3.11.0.jar:D:\Selenium Training\Selenium Files\Selenium 3.141.59\libs\okio-1.14.0.jar:D:\Selenium Training\Selenium Files\Selenium 3.141.59\client-combined-3.141.59.jar:D:\Selenium Training\Selenium Files\Selenium 3.141.59\client-combined-3.141.59-sources.jar:D:\Selenium Training\Selenium Files\Selenium Grid\selenium-server-standalone-3.141.59.jar:D:\Selenium Training\Selenium Files\TestNG\testng-6.14.3.jar org.testng.remote.RemoteTestNG -serport 49998 -protocol json -d D:\Selenium Training\Selenium workspace\Selenium Training\test-output D:\Selenium Training\Selenium workspace\Selenium Training\Groups.xml

!ENTRY org.testng.eclipse 1 0 2019-08-23 18:49:12.951
!MESSAGE [TestNGLaunchConfigurationDelegate] Launching:
  Classpath: C:\Users\Aryana\eclipse\java-2019-06\eclipse\configuration\org.eclipse.osgi\486\0\.cp\lib\testng-remote.jar D:\Selenium Training\Selenium workspace\Selenium Training\bin D:\Selenium Training\Selenium Files\commons-io-2.6\commons-io-2.6.jar D:\Selenium Training\Selenium Files\commons-io-2.6\commons-io-2.6-javadoc.jar D:\Selenium Training\Selenium Files\commons-io-2.6\commons-io-2.6-sources.jar D:\Selenium Training\Selenium Files\commons-io-2.6\commons-io-2.6-tests.jar D:\Selenium Training\Selenium Files\commons-io-2.6\commons-io-2.6-test-sources.jar D:\Selenium Training\Selenium Files\Selenium 3.141.59\libs\byte-buddy-1.8.15.jar D:\Selenium Training\Selenium Files\Selenium 3.141.59\libs\commons-exec-1.3.jar D:\Selenium Training\Selenium Files\Selenium 3.141.59\libs\guava-25.0-jre.jar D:\Selenium Training\Selenium Files\Selenium 3.141.59\libs\okhttp-3.11.0.jar D:\Selenium Training\Selenium Files\Selenium 3.141.59\libs\okio-1.14.0.jar D:\Selenium Training\Selenium Files\Selenium 3.141.59\client-combined-3.141.59.jar D:\Selenium Training\Selenium Files\Selenium 3.141.59\client-combined-3.141.59-sources.jar D:\Selenium Training\Selenium Files\Selenium Grid\selenium-server-standalone-3.141.59.jar D:\Selenium Training\Selenium Files\TestNG\testng-6.14.3.jar
  VMArgs:    -ea
  Class:     org.testng.remote.RemoteTestNG
  Args:      -serport 50012 -protocol json -d D:\Selenium Training\Selenium workspace\Selenium Training\test-output D:\Selenium Training\Selenium workspace\Selenium Training\Groups.xml
java -ea -classpath C:\Users\Aryana\eclipse\java-2019-06\eclipse\configuration\org.eclipse.osgi\486\0\.cp\lib\testng-remote.jar:D:\Selenium Training\Selenium workspace\Selenium Training\bin:D:\Selenium Training\Selenium Files\commons-io-2.6\commons-io-2.6.jar:D:\Selenium Training\Selenium Files\commons-io-2.6\commons-io-2.6-javadoc.jar:D:\Selenium Training\Selenium Files\commons-io-2.6\commons-io-2.6-sources.jar:D:\Selenium Training\Selenium Files\commons-io-2.6\commons-io-2.6-tests.jar:D:\Selenium Training\Selenium Files\commons-io-2.6\commons-io-2.6-test-sources.jar:D:\Selenium Training\Selenium Files\Selenium 3.141.59\libs\byte-buddy-1.8.15.jar:D:\Selenium Training\Selenium Files\Selenium 3.141.59\libs\commons-exec-1.3.jar:D:\Selenium Training\Selenium Files\Selenium 3.141.59\libs\guava-25.0-jre.jar:D:\Selenium Training\Selenium Files\Selenium 3.141.59\libs\okhttp-3.11.0.jar:D:\Selenium Training\Selenium Files\Selenium 3.141.59\libs\okio-1.14.0.jar:D:\Selenium Training\Selenium Files\Selenium 3.141.59\client-combined-3.141.59.jar:D:\Selenium Training\Selenium Files\Selenium 3.141.59\client-combined-3.141.59-sources.jar:D:\Selenium Training\Selenium Files\Selenium Grid\selenium-server-standalone-3.141.59.jar:D:\Selenium Training\Selenium Files\TestNG\testng-6.14.3.jar org.testng.remote.RemoteTestNG -serport 50012 -protocol json -d D:\Selenium Training\Selenium workspace\Selenium Training\test-output D:\Selenium Training\Selenium workspace\Selenium Training\Groups.xml

!ENTRY org.testng.eclipse 1 0 2019-08-23 20:52:25.248
!MESSAGE [TestNGLaunchConfigurationDelegate] Launching:
  Classpath: C:\Users\Aryana\eclipse\java-2019-06\eclipse\configuration\org.eclipse.osgi\486\0\.cp\lib\testng-remote.jar D:\Selenium Training\Selenium workspace\Selenium Training\bin D:\Selenium Training\Selenium Files\commons-io-2.6\commons-io-2.6.jar D:\Selenium Training\Selenium Files\commons-io-2.6\commons-io-2.6-javadoc.jar D:\Selenium Training\Selenium Files\commons-io-2.6\commons-io-2.6-sources.jar D:\Selenium Training\Selenium Files\commons-io-2.6\commons-io-2.6-tests.jar D:\Selenium Training\Selenium Files\commons-io-2.6\commons-io-2.6-test-sources.jar D:\Selenium Training\Selenium Files\Selenium 3.141.59\libs\byte-buddy-1.8.15.jar D:\Selenium Training\Selenium Files\Selenium 3.141.59\libs\commons-exec-1.3.jar D:\Selenium Training\Selenium Files\Selenium 3.141.59\libs\guava-25.0-jre.jar D:\Selenium Training\Selenium Files\Selenium 3.141.59\libs\okhttp-3.11.0.jar D:\Selenium Training\Selenium Files\Selenium 3.141.59\libs\okio-1.14.0.jar D:\Selenium Training\Selenium Files\Selenium 3.141.59\client-combined-3.141.59.jar D:\Selenium Training\Selenium Files\Selenium 3.141.59\client-combined-3.141.59-sources.jar D:\Selenium Training\Selenium Files\Selenium Grid\selenium-server-standalone-3.141.59.jar D:\Selenium Training\Selenium Files\TestNG\testng-6.14.3.jar
  VMArgs:    -ea
  Class:     org.testng.remote.RemoteTestNG
  Args:      -serport 50179 -protocol json -d D:\Selenium Training\Selenium workspace\Selenium Training\test-output D:\Selenium Training\Selenium workspace\Selenium Training\Groups.xml
java -ea -classpath C:\Users\Aryana\eclipse\java-2019-06\eclipse\configuration\org.eclipse.osgi\486\0\.cp\lib\testng-remote.jar:D:\Selenium Training\Selenium workspace\Selenium Training\bin:D:\Selenium Training\Selenium Files\commons-io-2.6\commons-io-2.6.jar:D:\Selenium Training\Selenium Files\commons-io-2.6\commons-io-2.6-javadoc.jar:D:\Selenium Training\Selenium Files\commons-io-2.6\commons-io-2.6-sources.jar:D:\Selenium Training\Selenium Files\commons-io-2.6\commons-io-2.6-tests.jar:D:\Selenium Training\Selenium Files\commons-io-2.6\commons-io-2.6-test-sources.jar:D:\Selenium Training\Selenium Files\Selenium 3.141.59\libs\byte-buddy-1.8.15.jar:D:\Selenium Training\Selenium Files\Selenium 3.141.59\libs\commons-exec-1.3.jar:D:\Selenium Training\Selenium Files\Selenium 3.141.59\libs\guava-25.0-jre.jar:D:\Selenium Training\Selenium Files\Selenium 3.141.59\libs\okhttp-3.11.0.jar:D:\Selenium Training\Selenium Files\Selenium 3.141.59\libs\okio-1.14.0.jar:D:\Selenium Training\Selenium Files\Selenium 3.141.59\client-combined-3.141.59.jar:D:\Selenium Training\Selenium Files\Selenium 3.141.59\client-combined-3.141.59-sources.jar:D:\Selenium Training\Selenium Files\Selenium Grid\selenium-server-standalone-3.141.59.jar:D:\Selenium Training\Selenium Files\TestNG\testng-6.14.3.jar org.testng.remote.RemoteTestNG -serport 50179 -protocol json -d D:\Selenium Training\Selenium workspace\Selenium Training\test-output D:\Selenium Training\Selenium workspace\Selenium Training\Groups.xml

!ENTRY org.testng.eclipse 1 0 2019-08-23 20:52:46.057
!MESSAGE [TestNGLaunchConfigurationDelegate] Launching:
  Classpath: C:\Users\Aryana\eclipse\java-2019-06\eclipse\configuration\org.eclipse.osgi\486\0\.cp\lib\testng-remote.jar D:\Selenium Training\Selenium workspace\Selenium Training\bin D:\Selenium Training\Selenium Files\commons-io-2.6\commons-io-2.6.jar D:\Selenium Training\Selenium Files\commons-io-2.6\commons-io-2.6-javadoc.jar D:\Selenium Training\Selenium Files\commons-io-2.6\commons-io-2.6-sources.jar D:\Selenium Training\Selenium Files\commons-io-2.6\commons-io-2.6-tests.jar D:\Selenium Training\Selenium Files\commons-io-2.6\commons-io-2.6-test-sources.jar D:\Selenium Training\Selenium Files\Selenium 3.141.59\libs\byte-buddy-1.8.15.jar D:\Selenium Training\Selenium Files\Selenium 3.141.59\libs\commons-exec-1.3.jar D:\Selenium Training\Selenium Files\Selenium 3.141.59\libs\guava-25.0-jre.jar D:\Selenium Training\Selenium Files\Selenium 3.141.59\libs\okhttp-3.11.0.jar D:\Selenium Training\Selenium Files\Selenium 3.141.59\libs\okio-1.14.0.jar D:\Selenium Training\Selenium Files\Selenium 3.141.59\client-combined-3.141.59.jar D:\Selenium Training\Selenium Files\Selenium 3.141.59\client-combined-3.141.59-sources.jar D:\Selenium Training\Selenium Files\Selenium Grid\selenium-server-standalone-3.141.59.jar D:\Selenium Training\Selenium Files\TestNG\testng-6.14.3.jar
  VMArgs:    -ea
  Class:     org.testng.remote.RemoteTestNG
  Args:      -serport 50182 -protocol json -d D:\Selenium Training\Selenium workspace\Selenium Training\test-output D:\Selenium Training\Selenium workspace\Selenium Training\Package.xml
java -ea -classpath C:\Users\Aryana\eclipse\java-2019-06\eclipse\configuration\org.eclipse.osgi\486\0\.cp\lib\testng-remote.jar:D:\Selenium Training\Selenium workspace\Selenium Training\bin:D:\Selenium Training\Selenium Files\commons-io-2.6\commons-io-2.6.jar:D:\Selenium Training\Selenium Files\commons-io-2.6\commons-io-2.6-javadoc.jar:D:\Selenium Training\Selenium Files\commons-io-2.6\commons-io-2.6-sources.jar:D:\Selenium Training\Selenium Files\commons-io-2.6\commons-io-2.6-tests.jar:D:\Selenium Training\Selenium Files\commons-io-2.6\commons-io-2.6-test-sources.jar:D:\Selenium Training\Selenium Files\Selenium 3.141.59\libs\byte-buddy-1.8.15.jar:D:\Selenium Training\Selenium Files\Selenium 3.141.59\libs\commons-exec-1.3.jar:D:\Selenium Training\Selenium Files\Selenium 3.141.59\libs\guava-25.0-jre.jar:D:\Selenium Training\Selenium Files\Selenium 3.141.59\libs\okhttp-3.11.0.jar:D:\Selenium Training\Selenium Files\Selenium 3.141.59\libs\okio-1.14.0.jar:D:\Selenium Training\Selenium Files\Selenium 3.141.59\client-combined-3.141.59.jar:D:\Selenium Training\Selenium Files\Selenium 3.141.59\client-combined-3.141.59-sources.jar:D:\Selenium Training\Selenium Files\Selenium Grid\selenium-server-standalone-3.141.59.jar:D:\Selenium Training\Selenium Files\TestNG\testng-6.14.3.jar org.testng.remote.RemoteTestNG -serport 50182 -protocol json -d D:\Selenium Training\Selenium workspace\Selenium Training\test-output D:\Selenium Training\Selenium workspace\Selenium Training\Package.xml

!ENTRY org.testng.eclipse 1 0 2019-08-23 21:05:02.874
!MESSAGE [TestNGLaunchConfigurationDelegate] Launching:
  Classpath: C:\Users\Aryana\eclipse\java-2019-06\eclipse\configuration\org.eclipse.osgi\486\0\.cp\lib\testng-remote.jar D:\Selenium Training\Selenium workspace\Selenium Training\bin D:\Selenium Training\Selenium Files\commons-io-2.6\commons-io-2.6.jar D:\Selenium Training\Selenium Files\commons-io-2.6\commons-io-2.6-javadoc.jar D:\Selenium Training\Selenium Files\commons-io-2.6\commons-io-2.6-sources.jar D:\Selenium Training\Selenium Files\commons-io-2.6\commons-io-2.6-tests.jar D:\Selenium Training\Selenium Files\commons-io-2.6\commons-io-2.6-test-sources.jar D:\Selenium Training\Selenium Files\Selenium 3.141.59\libs\byte-buddy-1.8.15.jar D:\Selenium Training\Selenium Files\Selenium 3.141.59\libs\commons-exec-1.3.jar D:\Selenium Training\Selenium Files\Selenium 3.141.59\libs\guava-25.0-jre.jar D:\Selenium Training\Selenium Files\Selenium 3.141.59\libs\okhttp-3.11.0.jar D:\Selenium Training\Selenium Files\Selenium 3.141.59\libs\okio-1.14.0.jar D:\Selenium Training\Selenium Files\Selenium 3.141.59\client-combined-3.141.59.jar D:\Selenium Training\Selenium Files\Selenium 3.141.59\client-combined-3.141.59-sources.jar D:\Selenium Training\Selenium Files\Selenium Grid\selenium-server-standalone-3.141.59.jar D:\Selenium Training\Selenium Files\TestNG\testng-6.14.3.jar
  VMArgs:    -ea
  Class:     org.testng.remote.RemoteTestNG
  Args:      -serport 50207 -protocol json -d D:\Selenium Training\Selenium workspace\Selenium Training\test-output D:\Selenium Training\Selenium workspace\Selenium Training\Package.xml
java -ea -classpath C:\Users\Aryana\eclipse\java-2019-06\eclipse\configuration\org.eclipse.osgi\486\0\.cp\lib\testng-remote.jar:D:\Selenium Training\Selenium workspace\Selenium Training\bin:D:\Selenium Training\Selenium Files\commons-io-2.6\commons-io-2.6.jar:D:\Selenium Training\Selenium Files\commons-io-2.6\commons-io-2.6-javadoc.jar:D:\Selenium Training\Selenium Files\commons-io-2.6\commons-io-2.6-sources.jar:D:\Selenium Training\Selenium Files\commons-io-2.6\commons-io-2.6-tests.jar:D:\Selenium Training\Selenium Files\commons-io-2.6\commons-io-2.6-test-sources.jar:D:\Selenium Training\Selenium Files\Selenium 3.141.59\libs\byte-buddy-1.8.15.jar:D:\Selenium Training\Selenium Files\Selenium 3.141.59\libs\commons-exec-1.3.jar:D:\Selenium Training\Selenium Files\Selenium 3.141.59\libs\guava-25.0-jre.jar:D:\Selenium Training\Selenium Files\Selenium 3.141.59\libs\okhttp-3.11.0.jar:D:\Selenium Training\Selenium Files\Selenium 3.141.59\libs\okio-1.14.0.jar:D:\Selenium Training\Selenium Files\Selenium 3.141.59\client-combined-3.141.59.jar:D:\Selenium Training\Selenium Files\Selenium 3.141.59\client-combined-3.141.59-sources.jar:D:\Selenium Training\Selenium Files\Selenium Grid\selenium-server-standalone-3.141.59.jar:D:\Selenium Training\Selenium Files\TestNG\testng-6.14.3.jar org.testng.remote.RemoteTestNG -serport 50207 -protocol json -d D:\Selenium Training\Selenium workspace\Selenium Training\test-output D:\Selenium Training\Selenium workspace\Selenium Training\Package.xml

!ENTRY org.testng.eclipse 1 0 2019-08-23 21:07:50.757
!MESSAGE [TestNGLaunchConfigurationDelegate] Launching:
  Classpath: C:\Users\Aryana\eclipse\java-2019-06\eclipse\configuration\org.eclipse.osgi\486\0\.cp\lib\testng-remote.jar D:\Selenium Training\Selenium workspace\Selenium Training\bin D:\Selenium Training\Selenium Files\commons-io-2.6\commons-io-2.6.jar D:\Selenium Training\Selenium Files\commons-io-2.6\commons-io-2.6-javadoc.jar D:\Selenium Training\Selenium Files\commons-io-2.6\commons-io-2.6-sources.jar D:\Selenium Training\Selenium Files\commons-io-2.6\commons-io-2.6-tests.jar D:\Selenium Training\Selenium Files\commons-io-2.6\commons-io-2.6-test-sources.jar D:\Selenium Training\Selenium Files\Selenium 3.141.59\libs\byte-buddy-1.8.15.jar D:\Selenium Training\Selenium Files\Selenium 3.141.59\libs\commons-exec-1.3.jar D:\Selenium Training\Selenium Files\Selenium 3.141.59\libs\guava-25.0-jre.jar D:\Selenium Training\Selenium Files\Selenium 3.141.59\libs\okhttp-3.11.0.jar D:\Selenium Training\Selenium Files\Selenium 3.141.59\libs\okio-1.14.0.jar D:\Selenium Training\Selenium Files\Selenium 3.141.59\client-combined-3.141.59.jar D:\Selenium Training\Selenium Files\Selenium 3.141.59\client-combined-3.141.59-sources.jar D:\Selenium Training\Selenium Files\Selenium Grid\selenium-server-standalone-3.141.59.jar D:\Selenium Training\Selenium Files\TestNG\testng-6.14.3.jar
  VMArgs:    -ea
  Class:     org.testng.remote.RemoteTestNG
  Args:      -serport 50228 -protocol json -d D:\Selenium Training\Selenium workspace\Selenium Training\test-output D:\Selenium Training\Selenium workspace\Selenium Training\Package.xml
java -ea -classpath C:\Users\Aryana\eclipse\java-2019-06\eclipse\configuration\org.eclipse.osgi\486\0\.cp\lib\testng-remote.jar:D:\Selenium Training\Selenium workspace\Selenium Training\bin:D:\Selenium Training\Selenium Files\commons-io-2.6\commons-io-2.6.jar:D:\Selenium Training\Selenium Files\commons-io-2.6\commons-io-2.6-javadoc.jar:D:\Selenium Training\Selenium Files\commons-io-2.6\commons-io-2.6-sources.jar:D:\Selenium Training\Selenium Files\commons-io-2.6\commons-io-2.6-tests.jar:D:\Selenium Training\Selenium Files\commons-io-2.6\commons-io-2.6-test-sources.jar:D:\Selenium Training\Selenium Files\Selenium 3.141.59\libs\byte-buddy-1.8.15.jar:D:\Selenium Training\Selenium Files\Selenium 3.141.59\libs\commons-exec-1.3.jar:D:\Selenium Training\Selenium Files\Selenium 3.141.59\libs\guava-25.0-jre.jar:D:\Selenium Training\Selenium Files\Selenium 3.141.59\libs\okhttp-3.11.0.jar:D:\Selenium Training\Selenium Files\Selenium 3.141.59\libs\okio-1.14.0.jar:D:\Selenium Training\Selenium Files\Selenium 3.141.59\client-combined-3.141.59.jar:D:\Selenium Training\Selenium Files\Selenium 3.141.59\client-combined-3.141.59-sources.jar:D:\Selenium Training\Selenium Files\Selenium Grid\selenium-server-standalone-3.141.59.jar:D:\Selenium Training\Selenium Files\TestNG\testng-6.14.3.jar org.testng.remote.RemoteTestNG -serport 50228 -protocol json -d D:\Selenium Training\Selenium workspace\Selenium Training\test-output D:\Selenium Training\Selenium workspace\Selenium Training\Package.xml

!ENTRY org.testng.eclipse 1 0 2019-08-23 21:28:32.465
!MESSAGE [TestNGLaunchConfigurationDelegate] Launching:
  Classpath: C:\Users\Aryana\eclipse\java-2019-06\eclipse\configuration\org.eclipse.osgi\486\0\.cp\lib\testng-remote.jar D:\Selenium Training\Selenium workspace\Selenium Training\bin D:\Selenium Training\Selenium Files\commons-io-2.6\commons-io-2.6.jar D:\Selenium Training\Selenium Files\commons-io-2.6\commons-io-2.6-javadoc.jar D:\Selenium Training\Selenium Files\commons-io-2.6\commons-io-2.6-sources.jar D:\Selenium Training\Selenium Files\commons-io-2.6\commons-io-2.6-tests.jar D:\Selenium Training\Selenium Files\commons-io-2.6\commons-io-2.6-test-sources.jar D:\Selenium Training\Selenium Files\Selenium 3.141.59\libs\byte-buddy-1.8.15.jar D:\Selenium Training\Selenium Files\Selenium 3.141.59\libs\commons-exec-1.3.jar D:\Selenium Training\Selenium Files\Selenium 3.141.59\libs\guava-25.0-jre.jar D:\Selenium Training\Selenium Files\Selenium 3.141.59\libs\okhttp-3.11.0.jar D:\Selenium Training\Selenium Files\Selenium 3.141.59\libs\okio-1.14.0.jar D:\Selenium Training\Selenium Files\Selenium 3.141.59\client-combined-3.141.59.jar D:\Selenium Training\Selenium Files\Selenium 3.141.59\client-combined-3.141.59-sources.jar D:\Selenium Training\Selenium Files\Selenium Grid\selenium-server-standalone-3.141.59.jar D:\Selenium Training\Selenium Files\TestNG\testng-6.14.3.jar
  VMArgs:    -ea
  Class:     org.testng.remote.RemoteTestNG
  Args:      -serport 50274 -protocol json -d D:\Selenium Training\Selenium workspace\Selenium Training\test-output D:\Selenium Training\Selenium workspace\Selenium Training\Package.xml
java -ea -classpath C:\Users\Aryana\eclipse\java-2019-06\eclipse\configuration\org.eclipse.osgi\486\0\.cp\lib\testng-remote.jar:D:\Selenium Training\Selenium workspace\Selenium Training\bin:D:\Selenium Training\Selenium Files\commons-io-2.6\commons-io-2.6.jar:D:\Selenium Training\Selenium Files\commons-io-2.6\commons-io-2.6-javadoc.jar:D:\Selenium Training\Selenium Files\commons-io-2.6\commons-io-2.6-sources.jar:D:\Selenium Training\Selenium Files\commons-io-2.6\commons-io-2.6-tests.jar:D:\Selenium Training\Selenium Files\commons-io-2.6\commons-io-2.6-test-sources.jar:D:\Selenium Training\Selenium Files\Selenium 3.141.59\libs\byte-buddy-1.8.15.jar:D:\Selenium Training\Selenium Files\Selenium 3.141.59\libs\commons-exec-1.3.jar:D:\Selenium Training\Selenium Files\Selenium 3.141.59\libs\guava-25.0-jre.jar:D:\Selenium Training\Selenium Files\Selenium 3.141.59\libs\okhttp-3.11.0.jar:D:\Selenium Training\Selenium Files\Selenium 3.141.59\libs\okio-1.14.0.jar:D:\Selenium Training\Selenium Files\Selenium 3.141.59\client-combined-3.141.59.jar:D:\Selenium Training\Selenium Files\Selenium 3.141.59\client-combined-3.141.59-sources.jar:D:\Selenium Training\Selenium Files\Selenium Grid\selenium-server-standalone-3.141.59.jar:D:\Selenium Training\Selenium Files\TestNG\testng-6.14.3.jar org.testng.remote.RemoteTestNG -serport 50274 -protocol json -d D:\Selenium Training\Selenium workspace\Selenium Training\test-output D:\Selenium Training\Selenium workspace\Selenium Training\Package.xml

!ENTRY org.testng.eclipse 1 0 2019-08-23 21:31:43.512
!MESSAGE [TestNGLaunchConfigurationDelegate] Launching:
  Classpath: C:\Users\Aryana\eclipse\java-2019-06\eclipse\configuration\org.eclipse.osgi\486\0\.cp\lib\testng-remote.jar D:\Selenium Training\Selenium workspace\Selenium Training\bin D:\Selenium Training\Selenium Files\commons-io-2.6\commons-io-2.6.jar D:\Selenium Training\Selenium Files\commons-io-2.6\commons-io-2.6-javadoc.jar D:\Selenium Training\Selenium Files\commons-io-2.6\commons-io-2.6-sources.jar D:\Selenium Training\Selenium Files\commons-io-2.6\commons-io-2.6-tests.jar D:\Selenium Training\Selenium Files\commons-io-2.6\commons-io-2.6-test-sources.jar D:\Selenium Training\Selenium Files\Selenium 3.141.59\libs\byte-buddy-1.8.15.jar D:\Selenium Training\Selenium Files\Selenium 3.141.59\libs\commons-exec-1.3.jar D:\Selenium Training\Selenium Files\Selenium 3.141.59\libs\guava-25.0-jre.jar D:\Selenium Training\Selenium Files\Selenium 3.141.59\libs\okhttp-3.11.0.jar D:\Selenium Training\Selenium Files\Selenium 3.141.59\libs\okio-1.14.0.jar D:\Selenium Training\Selenium Files\Selenium 3.141.59\client-combined-3.141.59.jar D:\Selenium Training\Selenium Files\Selenium 3.141.59\client-combined-3.141.59-sources.jar D:\Selenium Training\Selenium Files\Selenium Grid\selenium-server-standalone-3.141.59.jar D:\Selenium Training\Selenium Files\TestNG\testng-6.14.3.jar
  VMArgs:    -ea
  Class:     org.testng.remote.RemoteTestNG
  Args:      -serport 50278 -protocol json -d D:\Selenium Training\Selenium workspace\Selenium Training\test-output D:\Selenium Training\Selenium workspace\Selenium Training\Package.xml
java -ea -classpath C:\Users\Aryana\eclipse\java-2019-06\eclipse\configuration\org.eclipse.osgi\486\0\.cp\lib\testng-remote.jar:D:\Selenium Training\Selenium workspace\Selenium Training\bin:D:\Selenium Training\Selenium Files\commons-io-2.6\commons-io-2.6.jar:D:\Selenium Training\Selenium Files\commons-io-2.6\commons-io-2.6-javadoc.jar:D:\Selenium Training\Selenium Files\commons-io-2.6\commons-io-2.6-sources.jar:D:\Selenium Training\Selenium Files\commons-io-2.6\commons-io-2.6-tests.jar:D:\Selenium Training\Selenium Files\commons-io-2.6\commons-io-2.6-test-sources.jar:D:\Selenium Training\Selenium Files\Selenium 3.141.59\libs\byte-buddy-1.8.15.jar:D:\Selenium Training\Selenium Files\Selenium 3.141.59\libs\commons-exec-1.3.jar:D:\Selenium Training\Selenium Files\Selenium 3.141.59\libs\guava-25.0-jre.jar:D:\Selenium Training\Selenium Files\Selenium 3.141.59\libs\okhttp-3.11.0.jar:D:\Selenium Training\Selenium Files\Selenium 3.141.59\libs\okio-1.14.0.jar:D:\Selenium Training\Selenium Files\Selenium 3.141.59\client-combined-3.141.59.jar:D:\Selenium Training\Selenium Files\Selenium 3.141.59\client-combined-3.141.59-sources.jar:D:\Selenium Training\Selenium Files\Selenium Grid\selenium-server-standalone-3.141.59.jar:D:\Selenium Training\Selenium Files\TestNG\testng-6.14.3.jar org.testng.remote.RemoteTestNG -serport 50278 -protocol json -d D:\Selenium Training\Selenium workspace\Selenium Training\test-output D:\Selenium Training\Selenium workspace\Selenium Training\Package.xml

!ENTRY org.testng.eclipse 1 0 2019-08-23 21:36:11.364
!MESSAGE [TestNGLaunchConfigurationDelegate] Launching:
  Classpath: C:\Users\Aryana\eclipse\java-2019-06\eclipse\configuration\org.eclipse.osgi\486\0\.cp\lib\testng-remote.jar D:\Selenium Training\Selenium workspace\Selenium Training\bin D:\Selenium Training\Selenium Files\commons-io-2.6\commons-io-2.6.jar D:\Selenium Training\Selenium Files\commons-io-2.6\commons-io-2.6-javadoc.jar D:\Selenium Training\Selenium Files\commons-io-2.6\commons-io-2.6-sources.jar D:\Selenium Training\Selenium Files\commons-io-2.6\commons-io-2.6-tests.jar D:\Selenium Training\Selenium Files\commons-io-2.6\commons-io-2.6-test-sources.jar D:\Selenium Training\Selenium Files\Selenium 3.141.59\libs\byte-buddy-1.8.15.jar D:\Selenium Training\Selenium Files\Selenium 3.141.59\libs\commons-exec-1.3.jar D:\Selenium Training\Selenium Files\Selenium 3.141.59\libs\guava-25.0-jre.jar D:\Selenium Training\Selenium Files\Selenium 3.141.59\libs\okhttp-3.11.0.jar D:\Selenium Training\Selenium Files\Selenium 3.141.59\libs\okio-1.14.0.jar D:\Selenium Training\Selenium Files\Selenium 3.141.59\client-combined-3.141.59.jar D:\Selenium Training\Selenium Files\Selenium 3.141.59\client-combined-3.141.59-sources.jar D:\Selenium Training\Selenium Files\Selenium Grid\selenium-server-standalone-3.141.59.jar D:\Selenium Training\Selenium Files\TestNG\testng-6.14.3.jar
  VMArgs:    -ea
  Class:     org.testng.remote.RemoteTestNG
  Args:      -serport 50299 -protocol json -d D:\Selenium Training\Selenium workspace\Selenium Training\test-output D:\Selenium Training\Selenium workspace\Selenium Training\Package.xml
java -ea -classpath C:\Users\Aryana\eclipse\java-2019-06\eclipse\configuration\org.eclipse.osgi\486\0\.cp\lib\testng-remote.jar:D:\Selenium Training\Selenium workspace\Selenium Training\bin:D:\Selenium Training\Selenium Files\commons-io-2.6\commons-io-2.6.jar:D:\Selenium Training\Selenium Files\commons-io-2.6\commons-io-2.6-javadoc.jar:D:\Selenium Training\Selenium Files\commons-io-2.6\commons-io-2.6-sources.jar:D:\Selenium Training\Selenium Files\commons-io-2.6\commons-io-2.6-tests.jar:D:\Selenium Training\Selenium Files\commons-io-2.6\commons-io-2.6-test-sources.jar:D:\Selenium Training\Selenium Files\Selenium 3.141.59\libs\byte-buddy-1.8.15.jar:D:\Selenium Training\Selenium Files\Selenium 3.141.59\libs\commons-exec-1.3.jar:D:\Selenium Training\Selenium Files\Selenium 3.141.59\libs\guava-25.0-jre.jar:D:\Selenium Training\Selenium Files\Selenium 3.141.59\libs\okhttp-3.11.0.jar:D:\Selenium Training\Selenium Files\Selenium 3.141.59\libs\okio-1.14.0.jar:D:\Selenium Training\Selenium Files\Selenium 3.141.59\client-combined-3.141.59.jar:D:\Selenium Training\Selenium Files\Selenium 3.141.59\client-combined-3.141.59-sources.jar:D:\Selenium Training\Selenium Files\Selenium Grid\selenium-server-standalone-3.141.59.jar:D:\Selenium Training\Selenium Files\TestNG\testng-6.14.3.jar org.testng.remote.RemoteTestNG -serport 50299 -protocol json -d D:\Selenium Training\Selenium workspace\Selenium Training\test-output D:\Selenium Training\Selenium workspace\Selenium Training\Package.xml

!ENTRY org.testng.eclipse 1 0 2019-08-23 21:42:06.311
!MESSAGE [TestNGLaunchConfigurationDelegate] Launching:
  Classpath: C:\Users\Aryana\eclipse\java-2019-06\eclipse\configuration\org.eclipse.osgi\486\0\.cp\lib\testng-remote.jar D:\Selenium Training\Selenium workspace\Selenium Training\bin D:\Selenium Training\Selenium Files\commons-io-2.6\commons-io-2.6.jar D:\Selenium Training\Selenium Files\commons-io-2.6\commons-io-2.6-javadoc.jar D:\Selenium Training\Selenium Files\commons-io-2.6\commons-io-2.6-sources.jar D:\Selenium Training\Selenium Files\commons-io-2.6\commons-io-2.6-tests.jar D:\Selenium Training\Selenium Files\commons-io-2.6\commons-io-2.6-test-sources.jar D:\Selenium Training\Selenium Files\Selenium 3.141.59\libs\byte-buddy-1.8.15.jar D:\Selenium Training\Selenium Files\Selenium 3.141.59\libs\commons-exec-1.3.jar D:\Selenium Training\Selenium Files\Selenium 3.141.59\libs\guava-25.0-jre.jar D:\Selenium Training\Selenium Files\Selenium 3.141.59\libs\okhttp-3.11.0.jar D:\Selenium Training\Selenium Files\Selenium 3.141.59\libs\okio-1.14.0.jar D:\Selenium Training\Selenium Files\Selenium 3.141.59\client-combined-3.141.59.jar D:\Selenium Training\Selenium Files\Selenium 3.141.59\client-combined-3.141.59-sources.jar D:\Selenium Training\Selenium Files\Selenium Grid\selenium-server-standalone-3.141.59.jar D:\Selenium Training\Selenium Files\TestNG\testng-6.14.3.jar
  VMArgs:    -ea
  Class:     org.testng.remote.RemoteTestNG
  Args:      -serport 50315 -protocol json -d D:\Selenium Training\Selenium workspace\Selenium Training\test-output D:\Selenium Training\Selenium workspace\Selenium Training\Package.xml
java -ea -classpath C:\Users\Aryana\eclipse\java-2019-06\eclipse\configuration\org.eclipse.osgi\486\0\.cp\lib\testng-remote.jar:D:\Selenium Training\Selenium workspace\Selenium Training\bin:D:\Selenium Training\Selenium Files\commons-io-2.6\commons-io-2.6.jar:D:\Selenium Training\Selenium Files\commons-io-2.6\commons-io-2.6-javadoc.jar:D:\Selenium Training\Selenium Files\commons-io-2.6\commons-io-2.6-sources.jar:D:\Selenium Training\Selenium Files\commons-io-2.6\commons-io-2.6-tests.jar:D:\Selenium Training\Selenium Files\commons-io-2.6\commons-io-2.6-test-sources.jar:D:\Selenium Training\Selenium Files\Selenium 3.141.59\libs\byte-buddy-1.8.15.jar:D:\Selenium Training\Selenium Files\Selenium 3.141.59\libs\commons-exec-1.3.jar:D:\Selenium Training\Selenium Files\Selenium 3.141.59\libs\guava-25.0-jre.jar:D:\Selenium Training\Selenium Files\Selenium 3.141.59\libs\okhttp-3.11.0.jar:D:\Selenium Training\Selenium Files\Selenium 3.141.59\libs\okio-1.14.0.jar:D:\Selenium Training\Selenium Files\Selenium 3.141.59\client-combined-3.141.59.jar:D:\Selenium Training\Selenium Files\Selenium 3.141.59\client-combined-3.141.59-sources.jar:D:\Selenium Training\Selenium Files\Selenium Grid\selenium-server-standalone-3.141.59.jar:D:\Selenium Training\Selenium Files\TestNG\testng-6.14.3.jar org.testng.remote.RemoteTestNG -serport 50315 -protocol json -d D:\Selenium Training\Selenium workspace\Selenium Training\test-output D:\Selenium Training\Selenium workspace\Selenium Training\Package.xml

!ENTRY org.testng.eclipse 1 0 2019-08-23 21:47:34.210
!MESSAGE [TestNGLaunchConfigurationDelegate] Launching:
  Classpath: C:\Users\Aryana\eclipse\java-2019-06\eclipse\configuration\org.eclipse.osgi\486\0\.cp\lib\testng-remote.jar D:\Selenium Training\Selenium workspace\Selenium Training\bin D:\Selenium Training\Selenium Files\commons-io-2.6\commons-io-2.6.jar D:\Selenium Training\Selenium Files\commons-io-2.6\commons-io-2.6-javadoc.jar D:\Selenium Training\Selenium Files\commons-io-2.6\commons-io-2.6-sources.jar D:\Selenium Training\Selenium Files\commons-io-2.6\commons-io-2.6-tests.jar D:\Selenium Training\Selenium Files\commons-io-2.6\commons-io-2.6-test-sources.jar D:\Selenium Training\Selenium Files\Selenium 3.141.59\libs\byte-buddy-1.8.15.jar D:\Selenium Training\Selenium Files\Selenium 3.141.59\libs\commons-exec-1.3.jar D:\Selenium Training\Selenium Files\Selenium 3.141.59\libs\guava-25.0-jre.jar D:\Selenium Training\Selenium Files\Selenium 3.141.59\libs\okhttp-3.11.0.jar D:\Selenium Training\Selenium Files\Selenium 3.141.59\libs\okio-1.14.0.jar D:\Selenium Training\Selenium Files\Selenium 3.141.59\client-combined-3.141.59.jar D:\Selenium Training\Selenium Files\Selenium 3.141.59\client-combined-3.141.59-sources.jar D:\Selenium Training\Selenium Files\Selenium Grid\selenium-server-standalone-3.141.59.jar D:\Selenium Training\Selenium Files\TestNG\testng-6.14.3.jar
  VMArgs:    -ea
  Class:     org.testng.remote.RemoteTestNG
  Args:      -serport 50365 -protocol json -d D:\Selenium Training\Selenium workspace\Selenium Training\test-output C:\Users\Aryana\AppData\Local\Temp\testng-eclipse-2003365712\testng-customsuite.xml
java -ea -classpath C:\Users\Aryana\eclipse\java-2019-06\eclipse\configuration\org.eclipse.osgi\486\0\.cp\lib\testng-remote.jar:D:\Selenium Training\Selenium workspace\Selenium Training\bin:D:\Selenium Training\Selenium Files\commons-io-2.6\commons-io-2.6.jar:D:\Selenium Training\Selenium Files\commons-io-2.6\commons-io-2.6-javadoc.jar:D:\Selenium Training\Selenium Files\commons-io-2.6\commons-io-2.6-sources.jar:D:\Selenium Training\Selenium Files\commons-io-2.6\commons-io-2.6-tests.jar:D:\Selenium Training\Selenium Files\commons-io-2.6\commons-io-2.6-test-sources.jar:D:\Selenium Training\Selenium Files\Selenium 3.141.59\libs\byte-buddy-1.8.15.jar:D:\Selenium Training\Selenium Files\Selenium 3.141.59\libs\commons-exec-1.3.jar:D:\Selenium Training\Selenium Files\Selenium 3.141.59\libs\guava-25.0-jre.jar:D:\Selenium Training\Selenium Files\Selenium 3.141.59\libs\okhttp-3.11.0.jar:D:\Selenium Training\Selenium Files\Selenium 3.141.59\libs\okio-1.14.0.jar:D:\Selenium Training\Selenium Files\Selenium 3.141.59\client-combined-3.141.59.jar:D:\Selenium Training\Selenium Files\Selenium 3.141.59\client-combined-3.141.59-sources.jar:D:\Selenium Training\Selenium Files\Selenium Grid\selenium-server-standalone-3.141.59.jar:D:\Selenium Training\Selenium Files\TestNG\testng-6.14.3.jar org.testng.remote.RemoteTestNG -serport 50365 -protocol json -d D:\Selenium Training\Selenium workspace\Selenium Training\test-output C:\Users\Aryana\AppData\Local\Temp\testng-eclipse-2003365712\testng-customsuite.xml

!ENTRY org.testng.eclipse 1 0 2019-08-23 21:47:41.746
!MESSAGE [TestNGLaunchConfigurationDelegate] Launching:
  Classpath: C:\Users\Aryana\eclipse\java-2019-06\eclipse\configuration\org.eclipse.osgi\486\0\.cp\lib\testng-remote.jar D:\Selenium Training\Selenium workspace\Selenium Training\bin D:\Selenium Training\Selenium Files\commons-io-2.6\commons-io-2.6.jar D:\Selenium Training\Selenium Files\commons-io-2.6\commons-io-2.6-javadoc.jar D:\Selenium Training\Selenium Files\commons-io-2.6\commons-io-2.6-sources.jar D:\Selenium Training\Selenium Files\commons-io-2.6\commons-io-2.6-tests.jar D:\Selenium Training\Selenium Files\commons-io-2.6\commons-io-2.6-test-sources.jar D:\Selenium Training\Selenium Files\Selenium 3.141.59\libs\byte-buddy-1.8.15.jar D:\Selenium Training\Selenium Files\Selenium 3.141.59\libs\commons-exec-1.3.jar D:\Selenium Training\Selenium Files\Selenium 3.141.59\libs\guava-25.0-jre.jar D:\Selenium Training\Selenium Files\Selenium 3.141.59\libs\okhttp-3.11.0.jar D:\Selenium Training\Selenium Files\Selenium 3.141.59\libs\okio-1.14.0.jar D:\Selenium Training\Selenium Files\Selenium 3.141.59\client-combined-3.141.59.jar D:\Selenium Training\Selenium Files\Selenium 3.141.59\client-combined-3.141.59-sources.jar D:\Selenium Training\Selenium Files\Selenium Grid\selenium-server-standalone-3.141.59.jar D:\Selenium Training\Selenium Files\TestNG\testng-6.14.3.jar
  VMArgs:    -ea
  Class:     org.testng.remote.RemoteTestNG
  Args:      -serport 50367 -protocol json -d D:\Selenium Training\Selenium workspace\Selenium Training\test-output C:\Users\Aryana\AppData\Local\Temp\testng-eclipse--994982466\testng-customsuite.xml
java -ea -classpath C:\Users\Aryana\eclipse\java-2019-06\eclipse\configuration\org.eclipse.osgi\486\0\.cp\lib\testng-remote.jar:D:\Selenium Training\Selenium workspace\Selenium Training\bin:D:\Selenium Training\Selenium Files\commons-io-2.6\commons-io-2.6.jar:D:\Selenium Training\Selenium Files\commons-io-2.6\commons-io-2.6-javadoc.jar:D:\Selenium Training\Selenium Files\commons-io-2.6\commons-io-2.6-sources.jar:D:\Selenium Training\Selenium Files\commons-io-2.6\commons-io-2.6-tests.jar:D:\Selenium Training\Selenium Files\commons-io-2.6\commons-io-2.6-test-sources.jar:D:\Selenium Training\Selenium Files\Selenium 3.141.59\libs\byte-buddy-1.8.15.jar:D:\Selenium Training\Selenium Files\Selenium 3.141.59\libs\commons-exec-1.3.jar:D:\Selenium Training\Selenium Files\Selenium 3.141.59\libs\guava-25.0-jre.jar:D:\Selenium Training\Selenium Files\Selenium 3.141.59\libs\okhttp-3.11.0.jar:D:\Selenium Training\Selenium Files\Selenium 3.141.59\libs\okio-1.14.0.jar:D:\Selenium Training\Selenium Files\Selenium 3.141.59\client-combined-3.141.59.jar:D:\Selenium Training\Selenium Files\Selenium 3.141.59\client-combined-3.141.59-sources.jar:D:\Selenium Training\Selenium Files\Selenium Grid\selenium-server-standalone-3.141.59.jar:D:\Selenium Training\Selenium Files\TestNG\testng-6.14.3.jar org.testng.remote.RemoteTestNG -serport 50367 -protocol json -d D:\Selenium Training\Selenium workspace\Selenium Training\test-output C:\Users\Aryana\AppData\Local\Temp\testng-eclipse--994982466\testng-customsuite.xml
!SESSION 2019-08-23 21:51:47.068 -----------------------------------------------
eclipse.buildId=4.12.0.I20190605-1800
java.version=12.0.2
java.vendor=Oracle Corporation
BootLoader constants: OS=win32, ARCH=x86_64, WS=win32, NL=en_CA
Framework arguments:  -product org.eclipse.epp.package.java.product
Command-line arguments:  -os win32 -ws win32 -arch x86_64 -product org.eclipse.epp.package.java.product

!ENTRY org.eclipse.egit.core 1 0 2019-08-23 21:52:10.627
!MESSAGE Using Apache MINA sshd as ssh client.

!ENTRY org.eclipse.egit.ui 2 0 2019-08-23 21:52:52.141
!MESSAGE Warning: The environment variable HOME is not set. The following directory will be used to store the Git
user global configuration and to define the default location to store repositories: 'C:\Users\Aryana'. If this is
not correct please set the HOME environment variable and restart Eclipse. Otherwise Git for Windows and
EGit might behave differently since they see different configuration options.
This warning can be switched off on the Team > Git > Confirmations and Warnings preference page.

!ENTRY org.eclipse.m2e.logback.appender 2 0 2019-08-23 21:52:54.849
!MESSAGE C:\Program Files\Git\mingw64\etc\.probe-42fb3b6a-a789-4fc4-a06c-3e74ddf42460
!STACK 0
java.nio.file.AccessDeniedException: C:\Program Files\Git\mingw64\etc\.probe-42fb3b6a-a789-4fc4-a06c-3e74ddf42460
	at java.base/sun.nio.fs.WindowsException.translateToIOException(WindowsException.java:89)
	at java.base/sun.nio.fs.WindowsException.rethrowAsIOException(WindowsException.java:103)
	at java.base/sun.nio.fs.WindowsException.rethrowAsIOException(WindowsException.java:108)
	at java.base/sun.nio.fs.WindowsFileSystemProvider.newByteChannel(WindowsFileSystemProvider.java:235)
	at java.base/java.nio.file.Files.newByteChannel(Files.java:373)
	at java.base/java.nio.file.Files.createFile(Files.java:650)
	at org.eclipse.jgit.util.FS$FileStoreAttributeCache.<init>(FS.java:234)
	at org.eclipse.jgit.util.FS$FileStoreAttributeCache.getFsTimestampResolution(FS.java:211)
	at org.eclipse.jgit.util.FS.getFsTimerResolution(FS.java:321)
	at org.eclipse.jgit.internal.storage.file.FileSnapshot.<init>(FileSnapshot.java:186)
	at org.eclipse.jgit.internal.storage.file.FileSnapshot.save(FileSnapshot.java:122)
	at org.eclipse.jgit.storage.file.FileBasedConfig.load(FileBasedConfig.java:156)
	at org.eclipse.jgit.internal.storage.file.FileRepository.loadSystemConfig(FileRepository.java:245)
	at org.eclipse.jgit.internal.storage.file.FileRepository.<init>(FileRepository.java:203)
	at org.eclipse.jgit.storage.file.FileRepositoryBuilder.build(FileRepositoryBuilder.java:88)
	at org.eclipse.jgit.storage.file.FileRepositoryBuilder.create(FileRepositoryBuilder.java:108)
	at org.eclipse.egit.core.RepositoryCache.lookupRepository(RepositoryCache.java:58)
	at org.eclipse.egit.core.project.GitProjectData.map(GitProjectData.java:693)
	at org.eclipse.egit.core.project.GitProjectData.remapAll(GitProjectData.java:651)
	at org.eclipse.egit.core.project.GitProjectData.load(GitProjectData.java:634)
	at org.eclipse.egit.core.project.GitProjectData.get(GitProjectData.java:220)
	at org.eclipse.egit.core.project.RepositoryMapping.getProjectData(RepositoryMapping.java:335)
	at org.eclipse.egit.core.project.RepositoryMapping.findMapping(RepositoryMapping.java:356)
	at org.eclipse.egit.core.project.RepositoryMapping.getMapping(RepositoryMapping.java:296)
	at org.eclipse.egit.core.internal.util.ResourceUtil.getRepository(ResourceUtil.java:712)
	at org.eclipse.egit.ui.internal.resources.ResourceStateFactory.getIndexDiffDataOrNull(ResourceStateFactory.java:103)
	at org.eclipse.egit.ui.internal.decorators.GitLightweightDecorator.decorateResource(GitLightweightDecorator.java:224)
	at org.eclipse.egit.ui.internal.decorators.GitLightweightDecorator.decorate(GitLightweightDecorator.java:201)
	at org.eclipse.ui.internal.decorators.LightweightDecoratorDefinition.decorate(LightweightDecoratorDefinition.java:247)
	at org.eclipse.ui.internal.decorators.LightweightDecoratorManager$LightweightRunnable.run(LightweightDecoratorManager.java:105)
	at org.eclipse.core.runtime.SafeRunner.run(SafeRunner.java:45)
	at org.eclipse.ui.internal.decorators.LightweightDecoratorManager.decorate(LightweightDecoratorManager.java:360)
	at org.eclipse.ui.internal.decorators.LightweightDecoratorManager.getDecorations(LightweightDecoratorManager.java:346)
	at org.eclipse.ui.internal.decorators.DecorationScheduler$1.ensureResultCached(DecorationScheduler.java:333)
	at org.eclipse.ui.internal.decorators.DecorationScheduler$1.run(DecorationScheduler.java:300)
	at org.eclipse.core.internal.jobs.Worker.run(Worker.java:63)
