<?xml version="1.0" encoding="UTF-8"?>
<!-- Generated by org.testng.reporters.JUnitXMLReporter -->
<testsuite hostname="DESKTOP-5O266M1" ignored="12" name="Test" tests="4" failures="0" timestamp="28 Feb 2019 08:12:24 GMT" time="0.099" errors="0">
  <testcase name="WebloginPersonalloan" time="0.026" classname="TestNGPackage.TC01_PersonalLoan"/>
  <testcase name="MobileloginJewelloan" time="0.003" classname="TestNGPackage.TC02_JewelLoan"/>
  <testcase name="MobileSigninCarloan" time="0.002" classname="TestNGPackage.TC03_CarLoan"/>
  <testcase name="APIloginHomeloan" time="0.002" classname="TestNGPackage.TC04_HomeLoan"/>
  <testcase name="MobileSignoutCarloan" time="0.0" classname="TestNGPackage.TC03_CarLoan">
    <ignored/>
  </testcase> <!-- MobileSignoutCarloan -->
  <testcase name="MobileloginHomeloan" time="0.0" classname="TestNGPackage.TC04_HomeLoan">
    <ignored/>
  </testcase> <!-- MobileloginHomeloan -->
  <testcase name="APIloginCarloan" time="0.0" classname="TestNGPackage.TC03_CarLoan">
    <ignored/>
  </testcase> <!-- APIloginCarloan -->
  <testcase name="APIloginJewelloan" time="0.0" classname="TestNGPackage.TC02_JewelLoan">
    <ignored/>
  </testcase> <!-- APIloginJewelloan -->
  <testcase name="MobileloginCarloan" time="0.0" classname="TestNGPackage.TC03_CarLoan">
    <ignored/>
  </testcase> <!-- MobileloginCarloan -->
  <testcase name="WebloginCarloan" time="0.0" classname="TestNGPackage.TC03_CarLoan">
    <ignored/>
  </testcase> <!-- WebloginCarloan -->
  <testcase name="MobileloginPersonalloan1" time="0.0" classname="TestNGPackage.TC01_PersonalLoan">
    <ignored/>
  </testcase> <!-- MobileloginPersonalloan1 -->
  <testcase name="Aftertest" time="0.0" classname="TestNGPackage.TC03_CarLoan">
    <ignored/>
  </testcase> <!-- Aftertest -->
  <testcase name="WebloginCarloan" time="0.0" classname="TestNGPackage.TC04_HomeLoan">
    <ignored/>
  </testcase> <!-- WebloginCarloan -->
  <testcase name="APIloginPersonalloan" time="0.0" classname="TestNGPackage.TC01_PersonalLoan">
    <ignored/>
  </testcase> <!-- APIloginPersonalloan -->
  <testcase name="WebloginJewelloan" time="0.0" classname="TestNGPackage.TC02_JewelLoan">
    <ignored/>
  </testcase> <!-- WebloginJewelloan -->
  <testcase name="MobileloginPersonalloan" time="0.0" classname="TestNGPackage.TC01_PersonalLoan">
    <ignored/>
  </testcase> <!-- MobileloginPersonalloan -->
</testsuite> <!-- Test -->
