<?xml version="1.0" encoding="UTF-8"?>
<!-- Generated by org.testng.reporters.JUnitXMLReporter -->
<testsuite ignored="8" hostname="DESKTOP-5FCAB7O" failures="0" tests="4" name="Smoke Test" time="0.079" errors="0" timestamp="23 Aug. 2019 22:46:37 GMT">
  <testcase classname="testng.Personalloan" name="Webloginpersonalloan" time="0.015"/>
  <testcase classname="testng.homeloan" name="Mobileloginhomeloan" time="0.003"/>
  <testcase classname="testng.Jewelloan" name="Webloginjewelloan" time="0.006"/>
  <testcase classname="testng.Carloan" name="APIlogincarloan" time="0.002"/>
  <testcase classname="testng.homeloan" name="Webloginhomeloan" time="0.0">
    <ignored/>
  </testcase> <!-- Webloginhomeloan -->
  <testcase classname="testng.Carloan" name="Mobilelogincarloan" time="0.0">
    <ignored/>
  </testcase> <!-- Mobilelogincarloan -->
  <testcase classname="testng.homeloan" name="APIloginhomeloan" time="0.0">
    <ignored/>
  </testcase> <!-- APIloginhomeloan -->
  <testcase classname="testng.Jewelloan" name="Mobileloginjewelloan" time="0.0">
    <ignored/>
  </testcase> <!-- Mobileloginjewelloan -->
  <testcase classname="testng.Personalloan" name="APIloginpersonalloan" time="0.0">
    <ignored/>
  </testcase> <!-- APIloginpersonalloan -->
  <testcase classname="testng.Personalloan" name="Mobileloginpersonalloan" time="0.0">
    <ignored/>
  </testcase> <!-- Mobileloginpersonalloan -->
  <testcase classname="testng.Jewelloan" name="APIloginjewelloan" time="0.0">
    <ignored/>
  </testcase> <!-- APIloginjewelloan -->
  <testcase classname="testng.Carloan" name="Weblogincarloan" time="0.0">
    <ignored/>
  </testcase> <!-- Weblogincarloan -->
</testsuite> <!-- Smoke Test -->
